[2025-05-09T17:43:47.366+0000] {processor.py:161} INFO - Started process (PID=36) to work on /opt/airflow/dags/example_dag.py
[2025-05-09T17:43:47.368+0000] {processor.py:830} INFO - Processing file /opt/airflow/dags/example_dag.py for tasks to queue
[2025-05-09T17:43:47.375+0000] {logging_mixin.py:188} INFO - [2025-05-09T17:43:47.374+0000] {dagbag.py:540} INFO - Filling up the DagBag from /opt/airflow/dags/example_dag.py
[2025-05-09T17:43:47.523+0000] {processor.py:840} INFO - DAG(s) 'welcome_dag' retrieved from /opt/airflow/dags/example_dag.py
[2025-05-09T17:43:48.099+0000] {logging_mixin.py:188} INFO - [2025-05-09T17:43:48.097+0000] {override.py:1901} INFO - Created Permission View: can read on DAG:welcome_dag
[2025-05-09T17:43:48.134+0000] {logging_mixin.py:188} INFO - [2025-05-09T17:43:48.133+0000] {override.py:1901} INFO - Created Permission View: can delete on DAG:welcome_dag
[2025-05-09T17:43:48.167+0000] {logging_mixin.py:188} INFO - [2025-05-09T17:43:48.167+0000] {override.py:1901} INFO - Created Permission View: can edit on DAG:welcome_dag
[2025-05-09T17:43:48.171+0000] {logging_mixin.py:188} INFO - [2025-05-09T17:43:48.171+0000] {dag.py:3096} INFO - Sync 1 DAGs
[2025-05-09T17:43:48.205+0000] {logging_mixin.py:188} INFO - [2025-05-09T17:43:48.204+0000] {dag.py:3118} INFO - Creating ORM DAG for welcome_dag
[2025-05-09T17:43:48.233+0000] {logging_mixin.py:188} INFO - [2025-05-09T17:43:48.233+0000] {dag.py:3954} INFO - Setting next_dagrun for welcome_dag to 2025-05-08 23:00:00+00:00, run_after=2025-05-09 23:00:00+00:00
[2025-05-09T17:43:48.281+0000] {processor.py:183} INFO - Processing /opt/airflow/dags/example_dag.py took 0.925 seconds
[2025-05-09T17:44:18.351+0000] {processor.py:161} INFO - Started process (PID=46) to work on /opt/airflow/dags/example_dag.py
[2025-05-09T17:44:18.353+0000] {processor.py:830} INFO - Processing file /opt/airflow/dags/example_dag.py for tasks to queue
[2025-05-09T17:44:18.356+0000] {logging_mixin.py:188} INFO - [2025-05-09T17:44:18.356+0000] {dagbag.py:540} INFO - Filling up the DagBag from /opt/airflow/dags/example_dag.py
[2025-05-09T17:44:18.411+0000] {processor.py:840} INFO - DAG(s) 'welcome_dag' retrieved from /opt/airflow/dags/example_dag.py
[2025-05-09T17:44:18.467+0000] {logging_mixin.py:188} INFO - [2025-05-09T17:44:18.466+0000] {dag.py:3096} INFO - Sync 1 DAGs
[2025-05-09T17:44:18.522+0000] {logging_mixin.py:188} INFO - [2025-05-09T17:44:18.521+0000] {dag.py:3954} INFO - Setting next_dagrun for welcome_dag to 2025-05-08 23:00:00+00:00, run_after=2025-05-09 23:00:00+00:00
[2025-05-09T17:44:18.565+0000] {processor.py:183} INFO - Processing /opt/airflow/dags/example_dag.py took 0.224 seconds
[2025-05-09T17:44:49.484+0000] {processor.py:161} INFO - Started process (PID=56) to work on /opt/airflow/dags/example_dag.py
[2025-05-09T17:44:49.485+0000] {processor.py:830} INFO - Processing file /opt/airflow/dags/example_dag.py for tasks to queue
[2025-05-09T17:44:49.488+0000] {logging_mixin.py:188} INFO - [2025-05-09T17:44:49.487+0000] {dagbag.py:540} INFO - Filling up the DagBag from /opt/airflow/dags/example_dag.py
[2025-05-09T17:44:49.530+0000] {processor.py:840} INFO - DAG(s) 'welcome_dag' retrieved from /opt/airflow/dags/example_dag.py
[2025-05-09T17:44:49.570+0000] {logging_mixin.py:188} INFO - [2025-05-09T17:44:49.569+0000] {dag.py:3096} INFO - Sync 1 DAGs
[2025-05-09T17:44:49.608+0000] {logging_mixin.py:188} INFO - [2025-05-09T17:44:49.607+0000] {dag.py:3954} INFO - Setting next_dagrun for welcome_dag to 2025-05-08 23:00:00+00:00, run_after=2025-05-09 23:00:00+00:00
[2025-05-09T17:44:49.648+0000] {processor.py:183} INFO - Processing /opt/airflow/dags/example_dag.py took 0.176 seconds
[2025-05-09T17:47:49.307+0000] {processor.py:161} INFO - Started process (PID=34) to work on /opt/airflow/dags/example_dag.py
[2025-05-09T17:47:49.310+0000] {processor.py:830} INFO - Processing file /opt/airflow/dags/example_dag.py for tasks to queue
[2025-05-09T17:47:49.313+0000] {logging_mixin.py:188} INFO - [2025-05-09T17:47:49.312+0000] {dagbag.py:540} INFO - Filling up the DagBag from /opt/airflow/dags/example_dag.py
[2025-05-09T17:47:49.366+0000] {processor.py:840} INFO - DAG(s) 'welcome_dag' retrieved from /opt/airflow/dags/example_dag.py
[2025-05-09T17:47:49.672+0000] {logging_mixin.py:188} INFO - [2025-05-09T17:47:49.671+0000] {override.py:1901} INFO - Created Permission View: can edit on DAG:welcome_dag
[2025-05-09T17:47:49.690+0000] {logging_mixin.py:188} INFO - [2025-05-09T17:47:49.690+0000] {override.py:1901} INFO - Created Permission View: can delete on DAG:welcome_dag
[2025-05-09T17:47:49.701+0000] {logging_mixin.py:188} INFO - [2025-05-09T17:47:49.701+0000] {override.py:1901} INFO - Created Permission View: can read on DAG:welcome_dag
[2025-05-09T17:47:49.702+0000] {logging_mixin.py:188} INFO - [2025-05-09T17:47:49.702+0000] {dag.py:3096} INFO - Sync 1 DAGs
[2025-05-09T17:47:49.720+0000] {logging_mixin.py:188} INFO - [2025-05-09T17:47:49.720+0000] {dag.py:3118} INFO - Creating ORM DAG for welcome_dag
[2025-05-09T17:47:49.746+0000] {logging_mixin.py:188} INFO - [2025-05-09T17:47:49.746+0000] {dag.py:3954} INFO - Setting next_dagrun for welcome_dag to 2025-05-08 23:00:00+00:00, run_after=2025-05-09 23:00:00+00:00
[2025-05-09T17:47:49.774+0000] {processor.py:183} INFO - Processing /opt/airflow/dags/example_dag.py took 0.475 seconds
[2025-05-09T17:48:20.551+0000] {processor.py:161} INFO - Started process (PID=44) to work on /opt/airflow/dags/example_dag.py
[2025-05-09T17:48:20.553+0000] {processor.py:830} INFO - Processing file /opt/airflow/dags/example_dag.py for tasks to queue
[2025-05-09T17:48:20.556+0000] {logging_mixin.py:188} INFO - [2025-05-09T17:48:20.556+0000] {dagbag.py:540} INFO - Filling up the DagBag from /opt/airflow/dags/example_dag.py
[2025-05-09T17:48:20.602+0000] {processor.py:840} INFO - DAG(s) 'welcome_dag' retrieved from /opt/airflow/dags/example_dag.py
[2025-05-09T17:48:20.638+0000] {logging_mixin.py:188} INFO - [2025-05-09T17:48:20.638+0000] {dag.py:3096} INFO - Sync 1 DAGs
[2025-05-09T17:48:20.668+0000] {logging_mixin.py:188} INFO - [2025-05-09T17:48:20.668+0000] {dag.py:3954} INFO - Setting next_dagrun for welcome_dag to 2025-05-08 23:00:00+00:00, run_after=2025-05-09 23:00:00+00:00
[2025-05-09T17:48:20.692+0000] {processor.py:183} INFO - Processing /opt/airflow/dags/example_dag.py took 0.151 seconds
[2025-05-09T17:48:51.314+0000] {processor.py:161} INFO - Started process (PID=54) to work on /opt/airflow/dags/example_dag.py
[2025-05-09T17:48:51.315+0000] {processor.py:830} INFO - Processing file /opt/airflow/dags/example_dag.py for tasks to queue
[2025-05-09T17:48:51.321+0000] {logging_mixin.py:188} INFO - [2025-05-09T17:48:51.318+0000] {dagbag.py:540} INFO - Filling up the DagBag from /opt/airflow/dags/example_dag.py
[2025-05-09T17:48:51.395+0000] {processor.py:840} INFO - DAG(s) 'welcome_dag' retrieved from /opt/airflow/dags/example_dag.py
[2025-05-09T17:48:51.436+0000] {logging_mixin.py:188} INFO - [2025-05-09T17:48:51.436+0000] {dag.py:3096} INFO - Sync 1 DAGs
[2025-05-09T17:48:51.472+0000] {logging_mixin.py:188} INFO - [2025-05-09T17:48:51.471+0000] {dag.py:3954} INFO - Setting next_dagrun for welcome_dag to 2025-05-08 23:00:00+00:00, run_after=2025-05-09 23:00:00+00:00
[2025-05-09T17:48:51.504+0000] {processor.py:183} INFO - Processing /opt/airflow/dags/example_dag.py took 0.197 seconds
[2025-05-09T17:49:22.211+0000] {processor.py:161} INFO - Started process (PID=64) to work on /opt/airflow/dags/example_dag.py
[2025-05-09T17:49:22.214+0000] {processor.py:830} INFO - Processing file /opt/airflow/dags/example_dag.py for tasks to queue
[2025-05-09T17:49:22.217+0000] {logging_mixin.py:188} INFO - [2025-05-09T17:49:22.216+0000] {dagbag.py:540} INFO - Filling up the DagBag from /opt/airflow/dags/example_dag.py
[2025-05-09T17:49:22.267+0000] {processor.py:840} INFO - DAG(s) 'welcome_dag' retrieved from /opt/airflow/dags/example_dag.py
[2025-05-09T17:49:22.304+0000] {logging_mixin.py:188} INFO - [2025-05-09T17:49:22.304+0000] {dag.py:3096} INFO - Sync 1 DAGs
[2025-05-09T17:49:22.339+0000] {logging_mixin.py:188} INFO - [2025-05-09T17:49:22.339+0000] {dag.py:3954} INFO - Setting next_dagrun for welcome_dag to 2025-05-08 23:00:00+00:00, run_after=2025-05-09 23:00:00+00:00
[2025-05-09T17:49:22.371+0000] {processor.py:183} INFO - Processing /opt/airflow/dags/example_dag.py took 0.175 seconds
[2025-05-09T17:49:53.071+0000] {processor.py:161} INFO - Started process (PID=74) to work on /opt/airflow/dags/example_dag.py
[2025-05-09T17:49:53.072+0000] {processor.py:830} INFO - Processing file /opt/airflow/dags/example_dag.py for tasks to queue
[2025-05-09T17:49:53.075+0000] {logging_mixin.py:188} INFO - [2025-05-09T17:49:53.075+0000] {dagbag.py:540} INFO - Filling up the DagBag from /opt/airflow/dags/example_dag.py
[2025-05-09T17:49:53.119+0000] {processor.py:840} INFO - DAG(s) 'welcome_dag' retrieved from /opt/airflow/dags/example_dag.py
[2025-05-09T17:49:53.148+0000] {logging_mixin.py:188} INFO - [2025-05-09T17:49:53.147+0000] {dag.py:3096} INFO - Sync 1 DAGs
[2025-05-09T17:49:53.177+0000] {logging_mixin.py:188} INFO - [2025-05-09T17:49:53.177+0000] {dag.py:3954} INFO - Setting next_dagrun for welcome_dag to 2025-05-08 23:00:00+00:00, run_after=2025-05-09 23:00:00+00:00
[2025-05-09T17:49:53.207+0000] {processor.py:183} INFO - Processing /opt/airflow/dags/example_dag.py took 0.143 seconds
[2025-05-09T17:50:23.903+0000] {processor.py:161} INFO - Started process (PID=84) to work on /opt/airflow/dags/example_dag.py
[2025-05-09T17:50:23.905+0000] {processor.py:830} INFO - Processing file /opt/airflow/dags/example_dag.py for tasks to queue
[2025-05-09T17:50:23.908+0000] {logging_mixin.py:188} INFO - [2025-05-09T17:50:23.908+0000] {dagbag.py:540} INFO - Filling up the DagBag from /opt/airflow/dags/example_dag.py
[2025-05-09T17:50:23.952+0000] {processor.py:840} INFO - DAG(s) 'welcome_dag' retrieved from /opt/airflow/dags/example_dag.py
[2025-05-09T17:50:24.013+0000] {logging_mixin.py:188} INFO - [2025-05-09T17:50:24.013+0000] {dag.py:3096} INFO - Sync 1 DAGs
[2025-05-09T17:50:24.046+0000] {logging_mixin.py:188} INFO - [2025-05-09T17:50:24.045+0000] {dag.py:3954} INFO - Setting next_dagrun for welcome_dag to 2025-05-08 23:00:00+00:00, run_after=2025-05-09 23:00:00+00:00
[2025-05-09T17:50:24.076+0000] {processor.py:183} INFO - Processing /opt/airflow/dags/example_dag.py took 0.183 seconds
[2025-05-09T17:50:54.720+0000] {processor.py:161} INFO - Started process (PID=94) to work on /opt/airflow/dags/example_dag.py
[2025-05-09T17:50:54.722+0000] {processor.py:830} INFO - Processing file /opt/airflow/dags/example_dag.py for tasks to queue
[2025-05-09T17:50:54.724+0000] {logging_mixin.py:188} INFO - [2025-05-09T17:50:54.723+0000] {dagbag.py:540} INFO - Filling up the DagBag from /opt/airflow/dags/example_dag.py
[2025-05-09T17:50:54.755+0000] {processor.py:840} INFO - DAG(s) 'welcome_dag' retrieved from /opt/airflow/dags/example_dag.py
[2025-05-09T17:50:54.784+0000] {logging_mixin.py:188} INFO - [2025-05-09T17:50:54.784+0000] {dag.py:3096} INFO - Sync 1 DAGs
[2025-05-09T17:50:54.808+0000] {logging_mixin.py:188} INFO - [2025-05-09T17:50:54.808+0000] {dag.py:3954} INFO - Setting next_dagrun for welcome_dag to 2025-05-08 23:00:00+00:00, run_after=2025-05-09 23:00:00+00:00
[2025-05-09T17:50:54.834+0000] {processor.py:183} INFO - Processing /opt/airflow/dags/example_dag.py took 0.121 seconds
[2025-05-09T17:51:25.494+0000] {processor.py:161} INFO - Started process (PID=104) to work on /opt/airflow/dags/example_dag.py
[2025-05-09T17:51:25.495+0000] {processor.py:830} INFO - Processing file /opt/airflow/dags/example_dag.py for tasks to queue
[2025-05-09T17:51:25.497+0000] {logging_mixin.py:188} INFO - [2025-05-09T17:51:25.497+0000] {dagbag.py:540} INFO - Filling up the DagBag from /opt/airflow/dags/example_dag.py
[2025-05-09T17:51:25.525+0000] {processor.py:840} INFO - DAG(s) 'welcome_dag' retrieved from /opt/airflow/dags/example_dag.py
[2025-05-09T17:51:25.555+0000] {logging_mixin.py:188} INFO - [2025-05-09T17:51:25.555+0000] {dag.py:3096} INFO - Sync 1 DAGs
[2025-05-09T17:51:25.581+0000] {logging_mixin.py:188} INFO - [2025-05-09T17:51:25.581+0000] {dag.py:3954} INFO - Setting next_dagrun for welcome_dag to 2025-05-08 23:00:00+00:00, run_after=2025-05-09 23:00:00+00:00
[2025-05-09T17:51:25.614+0000] {processor.py:183} INFO - Processing /opt/airflow/dags/example_dag.py took 0.127 seconds
[2025-05-09T17:51:56.306+0000] {processor.py:161} INFO - Started process (PID=114) to work on /opt/airflow/dags/example_dag.py
[2025-05-09T17:51:56.308+0000] {processor.py:830} INFO - Processing file /opt/airflow/dags/example_dag.py for tasks to queue
[2025-05-09T17:51:56.312+0000] {logging_mixin.py:188} INFO - [2025-05-09T17:51:56.311+0000] {dagbag.py:540} INFO - Filling up the DagBag from /opt/airflow/dags/example_dag.py
[2025-05-09T17:51:56.359+0000] {processor.py:840} INFO - DAG(s) 'welcome_dag' retrieved from /opt/airflow/dags/example_dag.py
[2025-05-09T17:51:56.395+0000] {logging_mixin.py:188} INFO - [2025-05-09T17:51:56.395+0000] {dag.py:3096} INFO - Sync 1 DAGs
[2025-05-09T17:51:56.426+0000] {logging_mixin.py:188} INFO - [2025-05-09T17:51:56.426+0000] {dag.py:3954} INFO - Setting next_dagrun for welcome_dag to 2025-05-08 23:00:00+00:00, run_after=2025-05-09 23:00:00+00:00
[2025-05-09T17:51:56.462+0000] {processor.py:183} INFO - Processing /opt/airflow/dags/example_dag.py took 0.164 seconds
[2025-05-09T17:52:26.903+0000] {processor.py:161} INFO - Started process (PID=124) to work on /opt/airflow/dags/example_dag.py
[2025-05-09T17:52:26.912+0000] {processor.py:830} INFO - Processing file /opt/airflow/dags/example_dag.py for tasks to queue
[2025-05-09T17:52:26.915+0000] {logging_mixin.py:188} INFO - [2025-05-09T17:52:26.915+0000] {dagbag.py:540} INFO - Filling up the DagBag from /opt/airflow/dags/example_dag.py
[2025-05-09T17:52:27.079+0000] {processor.py:840} INFO - DAG(s) 'welcome_dag' retrieved from /opt/airflow/dags/example_dag.py
[2025-05-09T17:52:27.113+0000] {logging_mixin.py:188} INFO - [2025-05-09T17:52:27.112+0000] {dag.py:3096} INFO - Sync 1 DAGs
[2025-05-09T17:52:27.146+0000] {logging_mixin.py:188} INFO - [2025-05-09T17:52:27.146+0000] {dag.py:3954} INFO - Setting next_dagrun for welcome_dag to 2025-05-08 23:00:00+00:00, run_after=2025-05-09 23:00:00+00:00
[2025-05-09T17:52:27.186+0000] {processor.py:183} INFO - Processing /opt/airflow/dags/example_dag.py took 0.289 seconds
[2025-05-09T17:52:57.393+0000] {processor.py:161} INFO - Started process (PID=134) to work on /opt/airflow/dags/example_dag.py
[2025-05-09T17:52:57.395+0000] {processor.py:830} INFO - Processing file /opt/airflow/dags/example_dag.py for tasks to queue
[2025-05-09T17:52:57.399+0000] {logging_mixin.py:188} INFO - [2025-05-09T17:52:57.399+0000] {dagbag.py:540} INFO - Filling up the DagBag from /opt/airflow/dags/example_dag.py
[2025-05-09T17:52:57.452+0000] {processor.py:840} INFO - DAG(s) 'welcome_dag' retrieved from /opt/airflow/dags/example_dag.py
[2025-05-09T17:52:57.493+0000] {logging_mixin.py:188} INFO - [2025-05-09T17:52:57.492+0000] {dag.py:3096} INFO - Sync 1 DAGs
[2025-05-09T17:52:57.535+0000] {logging_mixin.py:188} INFO - [2025-05-09T17:52:57.534+0000] {dag.py:3954} INFO - Setting next_dagrun for welcome_dag to 2025-05-08 23:00:00+00:00, run_after=2025-05-09 23:00:00+00:00
[2025-05-09T17:52:57.582+0000] {processor.py:183} INFO - Processing /opt/airflow/dags/example_dag.py took 0.201 seconds
[2025-05-09T17:53:28.112+0000] {processor.py:161} INFO - Started process (PID=144) to work on /opt/airflow/dags/example_dag.py
[2025-05-09T17:53:28.114+0000] {processor.py:830} INFO - Processing file /opt/airflow/dags/example_dag.py for tasks to queue
[2025-05-09T17:53:28.117+0000] {logging_mixin.py:188} INFO - [2025-05-09T17:53:28.117+0000] {dagbag.py:540} INFO - Filling up the DagBag from /opt/airflow/dags/example_dag.py
[2025-05-09T17:53:28.178+0000] {processor.py:840} INFO - DAG(s) 'welcome_dag' retrieved from /opt/airflow/dags/example_dag.py
[2025-05-09T17:53:28.211+0000] {logging_mixin.py:188} INFO - [2025-05-09T17:53:28.211+0000] {dag.py:3096} INFO - Sync 1 DAGs
[2025-05-09T17:53:28.233+0000] {logging_mixin.py:188} INFO - [2025-05-09T17:53:28.233+0000] {dag.py:3954} INFO - Setting next_dagrun for welcome_dag to 2025-05-08 23:00:00+00:00, run_after=2025-05-09 23:00:00+00:00
[2025-05-09T17:53:28.251+0000] {processor.py:183} INFO - Processing /opt/airflow/dags/example_dag.py took 0.147 seconds
[2025-05-09T17:53:59.046+0000] {processor.py:161} INFO - Started process (PID=154) to work on /opt/airflow/dags/example_dag.py
[2025-05-09T17:53:59.048+0000] {processor.py:830} INFO - Processing file /opt/airflow/dags/example_dag.py for tasks to queue
[2025-05-09T17:53:59.050+0000] {logging_mixin.py:188} INFO - [2025-05-09T17:53:59.049+0000] {dagbag.py:540} INFO - Filling up the DagBag from /opt/airflow/dags/example_dag.py
[2025-05-09T17:53:59.101+0000] {processor.py:840} INFO - DAG(s) 'welcome_dag' retrieved from /opt/airflow/dags/example_dag.py
[2025-05-09T17:53:59.125+0000] {logging_mixin.py:188} INFO - [2025-05-09T17:53:59.125+0000] {dag.py:3096} INFO - Sync 1 DAGs
[2025-05-09T17:53:59.145+0000] {logging_mixin.py:188} INFO - [2025-05-09T17:53:59.144+0000] {dag.py:3954} INFO - Setting next_dagrun for welcome_dag to 2025-05-08 23:00:00+00:00, run_after=2025-05-09 23:00:00+00:00
[2025-05-09T17:53:59.162+0000] {processor.py:183} INFO - Processing /opt/airflow/dags/example_dag.py took 0.123 seconds
[2025-05-09T17:54:29.623+0000] {processor.py:161} INFO - Started process (PID=164) to work on /opt/airflow/dags/example_dag.py
[2025-05-09T17:54:29.624+0000] {processor.py:830} INFO - Processing file /opt/airflow/dags/example_dag.py for tasks to queue
[2025-05-09T17:54:29.626+0000] {logging_mixin.py:188} INFO - [2025-05-09T17:54:29.626+0000] {dagbag.py:540} INFO - Filling up the DagBag from /opt/airflow/dags/example_dag.py
[2025-05-09T17:54:29.677+0000] {processor.py:840} INFO - DAG(s) 'welcome_dag' retrieved from /opt/airflow/dags/example_dag.py
[2025-05-09T17:54:29.697+0000] {logging_mixin.py:188} INFO - [2025-05-09T17:54:29.697+0000] {dag.py:3096} INFO - Sync 1 DAGs
[2025-05-09T17:54:29.717+0000] {logging_mixin.py:188} INFO - [2025-05-09T17:54:29.716+0000] {dag.py:3954} INFO - Setting next_dagrun for welcome_dag to 2025-05-08 23:00:00+00:00, run_after=2025-05-09 23:00:00+00:00
[2025-05-09T17:54:29.743+0000] {processor.py:183} INFO - Processing /opt/airflow/dags/example_dag.py took 0.130 seconds
[2025-05-09T18:54:06.484+0000] {processor.py:161} INFO - Started process (PID=182) to work on /opt/airflow/dags/example_dag.py
[2025-05-09T18:54:06.486+0000] {processor.py:830} INFO - Processing file /opt/airflow/dags/example_dag.py for tasks to queue
[2025-05-09T18:54:06.488+0000] {logging_mixin.py:188} INFO - [2025-05-09T18:54:06.488+0000] {dagbag.py:540} INFO - Filling up the DagBag from /opt/airflow/dags/example_dag.py
[2025-05-09T18:54:06.534+0000] {processor.py:840} INFO - DAG(s) 'welcome_dag' retrieved from /opt/airflow/dags/example_dag.py
[2025-05-09T18:54:06.605+0000] {logging_mixin.py:188} INFO - [2025-05-09T18:54:06.604+0000] {dag.py:3096} INFO - Sync 1 DAGs
[2025-05-09T18:54:06.696+0000] {logging_mixin.py:188} INFO - [2025-05-09T18:54:06.695+0000] {dag.py:3954} INFO - Setting next_dagrun for welcome_dag to 2025-05-08 23:00:00+00:00, run_after=2025-05-09 23:00:00+00:00
[2025-05-09T18:54:06.790+0000] {processor.py:183} INFO - Processing /opt/airflow/dags/example_dag.py took 0.313 seconds
[2025-05-09T19:06:54.763+0000] {processor.py:161} INFO - Started process (PID=188) to work on /opt/airflow/dags/example_dag.py
[2025-05-09T19:06:54.767+0000] {processor.py:830} INFO - Processing file /opt/airflow/dags/example_dag.py for tasks to queue
[2025-05-09T19:06:54.781+0000] {logging_mixin.py:188} INFO - [2025-05-09T19:06:54.780+0000] {dagbag.py:540} INFO - Filling up the DagBag from /opt/airflow/dags/example_dag.py
[2025-05-09T19:06:55.034+0000] {processor.py:840} INFO - DAG(s) 'welcome_dag' retrieved from /opt/airflow/dags/example_dag.py
[2025-05-09T19:06:55.093+0000] {logging_mixin.py:188} INFO - [2025-05-09T19:06:55.093+0000] {dag.py:3096} INFO - Sync 1 DAGs
[2025-05-09T19:06:55.155+0000] {logging_mixin.py:188} INFO - [2025-05-09T19:06:55.155+0000] {dag.py:3954} INFO - Setting next_dagrun for welcome_dag to 2025-05-08 23:00:00+00:00, run_after=2025-05-09 23:00:00+00:00
[2025-05-09T19:06:55.226+0000] {processor.py:183} INFO - Processing /opt/airflow/dags/example_dag.py took 0.482 seconds
[2025-05-09T19:07:27.182+0000] {processor.py:161} INFO - Started process (PID=198) to work on /opt/airflow/dags/example_dag.py
[2025-05-09T19:07:27.187+0000] {processor.py:830} INFO - Processing file /opt/airflow/dags/example_dag.py for tasks to queue
[2025-05-09T19:07:27.198+0000] {logging_mixin.py:188} INFO - [2025-05-09T19:07:27.197+0000] {dagbag.py:540} INFO - Filling up the DagBag from /opt/airflow/dags/example_dag.py
[2025-05-09T19:07:27.407+0000] {processor.py:840} INFO - DAG(s) 'welcome_dag' retrieved from /opt/airflow/dags/example_dag.py
[2025-05-09T19:07:27.478+0000] {logging_mixin.py:188} INFO - [2025-05-09T19:07:27.478+0000] {dag.py:3096} INFO - Sync 1 DAGs
[2025-05-09T19:07:27.542+0000] {logging_mixin.py:188} INFO - [2025-05-09T19:07:27.542+0000] {dag.py:3954} INFO - Setting next_dagrun for welcome_dag to 2025-05-08 23:00:00+00:00, run_after=2025-05-09 23:00:00+00:00
[2025-05-09T19:07:27.669+0000] {processor.py:183} INFO - Processing /opt/airflow/dags/example_dag.py took 0.495 seconds
[2025-05-09T19:07:58.269+0000] {processor.py:161} INFO - Started process (PID=208) to work on /opt/airflow/dags/example_dag.py
[2025-05-09T19:07:58.277+0000] {processor.py:830} INFO - Processing file /opt/airflow/dags/example_dag.py for tasks to queue
[2025-05-09T19:07:58.285+0000] {logging_mixin.py:188} INFO - [2025-05-09T19:07:58.284+0000] {dagbag.py:540} INFO - Filling up the DagBag from /opt/airflow/dags/example_dag.py
[2025-05-09T19:07:58.370+0000] {processor.py:840} INFO - DAG(s) 'welcome_dag' retrieved from /opt/airflow/dags/example_dag.py
[2025-05-09T19:07:58.448+0000] {logging_mixin.py:188} INFO - [2025-05-09T19:07:58.447+0000] {dag.py:3096} INFO - Sync 1 DAGs
[2025-05-09T19:07:58.488+0000] {logging_mixin.py:188} INFO - [2025-05-09T19:07:58.488+0000] {dag.py:3954} INFO - Setting next_dagrun for welcome_dag to 2025-05-08 23:00:00+00:00, run_after=2025-05-09 23:00:00+00:00
[2025-05-09T19:07:58.529+0000] {processor.py:183} INFO - Processing /opt/airflow/dags/example_dag.py took 0.280 seconds
[2025-05-09T19:08:29.334+0000] {processor.py:161} INFO - Started process (PID=218) to work on /opt/airflow/dags/example_dag.py
[2025-05-09T19:08:29.336+0000] {processor.py:830} INFO - Processing file /opt/airflow/dags/example_dag.py for tasks to queue
[2025-05-09T19:08:29.338+0000] {logging_mixin.py:188} INFO - [2025-05-09T19:08:29.338+0000] {dagbag.py:540} INFO - Filling up the DagBag from /opt/airflow/dags/example_dag.py
[2025-05-09T19:08:29.385+0000] {processor.py:840} INFO - DAG(s) 'welcome_dag' retrieved from /opt/airflow/dags/example_dag.py
[2025-05-09T19:08:29.445+0000] {logging_mixin.py:188} INFO - [2025-05-09T19:08:29.444+0000] {dag.py:3096} INFO - Sync 1 DAGs
[2025-05-09T19:08:29.484+0000] {logging_mixin.py:188} INFO - [2025-05-09T19:08:29.484+0000] {dag.py:3954} INFO - Setting next_dagrun for welcome_dag to 2025-05-08 23:00:00+00:00, run_after=2025-05-09 23:00:00+00:00
[2025-05-09T19:08:29.524+0000] {processor.py:183} INFO - Processing /opt/airflow/dags/example_dag.py took 0.199 seconds
[2025-05-09T19:09:00.074+0000] {processor.py:161} INFO - Started process (PID=228) to work on /opt/airflow/dags/example_dag.py
[2025-05-09T19:09:00.077+0000] {processor.py:830} INFO - Processing file /opt/airflow/dags/example_dag.py for tasks to queue
[2025-05-09T19:09:00.083+0000] {logging_mixin.py:188} INFO - [2025-05-09T19:09:00.082+0000] {dagbag.py:540} INFO - Filling up the DagBag from /opt/airflow/dags/example_dag.py
[2025-05-09T19:09:00.279+0000] {processor.py:840} INFO - DAG(s) 'welcome_dag' retrieved from /opt/airflow/dags/example_dag.py
[2025-05-09T19:09:00.354+0000] {logging_mixin.py:188} INFO - [2025-05-09T19:09:00.351+0000] {dag.py:3096} INFO - Sync 1 DAGs
[2025-05-09T19:09:00.393+0000] {logging_mixin.py:188} INFO - [2025-05-09T19:09:00.392+0000] {dag.py:3954} INFO - Setting next_dagrun for welcome_dag to 2025-05-08 23:00:00+00:00, run_after=2025-05-09 23:00:00+00:00
[2025-05-09T19:09:00.450+0000] {processor.py:183} INFO - Processing /opt/airflow/dags/example_dag.py took 0.388 seconds
[2025-05-09T19:09:31.012+0000] {processor.py:161} INFO - Started process (PID=238) to work on /opt/airflow/dags/example_dag.py
[2025-05-09T19:09:31.016+0000] {processor.py:830} INFO - Processing file /opt/airflow/dags/example_dag.py for tasks to queue
[2025-05-09T19:09:31.020+0000] {logging_mixin.py:188} INFO - [2025-05-09T19:09:31.019+0000] {dagbag.py:540} INFO - Filling up the DagBag from /opt/airflow/dags/example_dag.py
[2025-05-09T19:09:31.073+0000] {processor.py:840} INFO - DAG(s) 'welcome_dag' retrieved from /opt/airflow/dags/example_dag.py
[2025-05-09T19:09:31.110+0000] {logging_mixin.py:188} INFO - [2025-05-09T19:09:31.110+0000] {dag.py:3096} INFO - Sync 1 DAGs
[2025-05-09T19:09:31.141+0000] {logging_mixin.py:188} INFO - [2025-05-09T19:09:31.141+0000] {dag.py:3954} INFO - Setting next_dagrun for welcome_dag to 2025-05-08 23:00:00+00:00, run_after=2025-05-09 23:00:00+00:00
[2025-05-09T19:09:31.173+0000] {processor.py:183} INFO - Processing /opt/airflow/dags/example_dag.py took 0.177 seconds
[2025-05-09T19:10:01.787+0000] {processor.py:161} INFO - Started process (PID=248) to work on /opt/airflow/dags/example_dag.py
[2025-05-09T19:10:01.789+0000] {processor.py:830} INFO - Processing file /opt/airflow/dags/example_dag.py for tasks to queue
[2025-05-09T19:10:01.791+0000] {logging_mixin.py:188} INFO - [2025-05-09T19:10:01.791+0000] {dagbag.py:540} INFO - Filling up the DagBag from /opt/airflow/dags/example_dag.py
[2025-05-09T19:10:01.827+0000] {processor.py:840} INFO - DAG(s) 'welcome_dag' retrieved from /opt/airflow/dags/example_dag.py
[2025-05-09T19:10:01.884+0000] {logging_mixin.py:188} INFO - [2025-05-09T19:10:01.884+0000] {dag.py:3096} INFO - Sync 1 DAGs
[2025-05-09T19:10:01.927+0000] {logging_mixin.py:188} INFO - [2025-05-09T19:10:01.927+0000] {dag.py:3954} INFO - Setting next_dagrun for welcome_dag to 2025-05-08 23:00:00+00:00, run_after=2025-05-09 23:00:00+00:00
[2025-05-09T19:10:01.963+0000] {processor.py:183} INFO - Processing /opt/airflow/dags/example_dag.py took 0.185 seconds
[2025-05-09T19:11:30.945+0000] {processor.py:161} INFO - Started process (PID=35) to work on /opt/airflow/dags/example_dag.py
[2025-05-09T19:11:30.948+0000] {processor.py:830} INFO - Processing file /opt/airflow/dags/example_dag.py for tasks to queue
[2025-05-09T19:11:30.953+0000] {logging_mixin.py:188} INFO - [2025-05-09T19:11:30.951+0000] {dagbag.py:540} INFO - Filling up the DagBag from /opt/airflow/dags/example_dag.py
[2025-05-09T19:11:31.018+0000] {processor.py:840} INFO - DAG(s) 'welcome_dag' retrieved from /opt/airflow/dags/example_dag.py
[2025-05-09T19:11:31.400+0000] {logging_mixin.py:188} INFO - [2025-05-09T19:11:31.400+0000] {override.py:1901} INFO - Created Permission View: can delete on DAG:welcome_dag
[2025-05-09T19:11:31.424+0000] {logging_mixin.py:188} INFO - [2025-05-09T19:11:31.423+0000] {override.py:1901} INFO - Created Permission View: can edit on DAG:welcome_dag
[2025-05-09T19:11:31.438+0000] {logging_mixin.py:188} INFO - [2025-05-09T19:11:31.438+0000] {override.py:1901} INFO - Created Permission View: can read on DAG:welcome_dag
[2025-05-09T19:11:31.439+0000] {logging_mixin.py:188} INFO - [2025-05-09T19:11:31.439+0000] {dag.py:3096} INFO - Sync 1 DAGs
[2025-05-09T19:11:31.458+0000] {logging_mixin.py:188} INFO - [2025-05-09T19:11:31.457+0000] {dag.py:3118} INFO - Creating ORM DAG for welcome_dag
[2025-05-09T19:11:31.480+0000] {logging_mixin.py:188} INFO - [2025-05-09T19:11:31.479+0000] {dag.py:3954} INFO - Setting next_dagrun for welcome_dag to 2025-05-08 23:00:00+00:00, run_after=2025-05-09 23:00:00+00:00
[2025-05-09T19:11:31.526+0000] {processor.py:183} INFO - Processing /opt/airflow/dags/example_dag.py took 0.590 seconds
[2025-05-09T19:12:02.312+0000] {processor.py:161} INFO - Started process (PID=45) to work on /opt/airflow/dags/example_dag.py
[2025-05-09T19:12:02.313+0000] {processor.py:830} INFO - Processing file /opt/airflow/dags/example_dag.py for tasks to queue
[2025-05-09T19:12:02.317+0000] {logging_mixin.py:188} INFO - [2025-05-09T19:12:02.317+0000] {dagbag.py:540} INFO - Filling up the DagBag from /opt/airflow/dags/example_dag.py
[2025-05-09T19:12:02.388+0000] {processor.py:840} INFO - DAG(s) 'welcome_dag' retrieved from /opt/airflow/dags/example_dag.py
[2025-05-09T19:12:02.437+0000] {logging_mixin.py:188} INFO - [2025-05-09T19:12:02.437+0000] {dag.py:3096} INFO - Sync 1 DAGs
[2025-05-09T19:12:02.502+0000] {logging_mixin.py:188} INFO - [2025-05-09T19:12:02.502+0000] {dag.py:3954} INFO - Setting next_dagrun for welcome_dag to 2025-05-08 23:00:00+00:00, run_after=2025-05-09 23:00:00+00:00
[2025-05-09T19:12:02.531+0000] {processor.py:183} INFO - Processing /opt/airflow/dags/example_dag.py took 0.228 seconds
[2025-05-09T19:12:33.218+0000] {processor.py:161} INFO - Started process (PID=55) to work on /opt/airflow/dags/example_dag.py
[2025-05-09T19:12:33.219+0000] {processor.py:830} INFO - Processing file /opt/airflow/dags/example_dag.py for tasks to queue
[2025-05-09T19:12:33.221+0000] {logging_mixin.py:188} INFO - [2025-05-09T19:12:33.221+0000] {dagbag.py:540} INFO - Filling up the DagBag from /opt/airflow/dags/example_dag.py
[2025-05-09T19:12:33.271+0000] {processor.py:840} INFO - DAG(s) 'welcome_dag' retrieved from /opt/airflow/dags/example_dag.py
[2025-05-09T19:12:33.304+0000] {logging_mixin.py:188} INFO - [2025-05-09T19:12:33.303+0000] {dag.py:3096} INFO - Sync 1 DAGs
[2025-05-09T19:12:33.336+0000] {logging_mixin.py:188} INFO - [2025-05-09T19:12:33.336+0000] {dag.py:3954} INFO - Setting next_dagrun for welcome_dag to 2025-05-08 23:00:00+00:00, run_after=2025-05-09 23:00:00+00:00
[2025-05-09T19:12:33.377+0000] {processor.py:183} INFO - Processing /opt/airflow/dags/example_dag.py took 0.169 seconds
[2025-05-09T19:13:04.302+0000] {processor.py:161} INFO - Started process (PID=65) to work on /opt/airflow/dags/example_dag.py
[2025-05-09T19:13:04.307+0000] {processor.py:830} INFO - Processing file /opt/airflow/dags/example_dag.py for tasks to queue
[2025-05-09T19:13:04.318+0000] {logging_mixin.py:188} INFO - [2025-05-09T19:13:04.317+0000] {dagbag.py:540} INFO - Filling up the DagBag from /opt/airflow/dags/example_dag.py
[2025-05-09T19:13:04.368+0000] {processor.py:840} INFO - DAG(s) 'welcome_dag' retrieved from /opt/airflow/dags/example_dag.py
[2025-05-09T19:13:04.413+0000] {logging_mixin.py:188} INFO - [2025-05-09T19:13:04.412+0000] {dag.py:3096} INFO - Sync 1 DAGs
[2025-05-09T19:13:04.459+0000] {logging_mixin.py:188} INFO - [2025-05-09T19:13:04.458+0000] {dag.py:3954} INFO - Setting next_dagrun for welcome_dag to 2025-05-08 23:00:00+00:00, run_after=2025-05-09 23:00:00+00:00
[2025-05-09T19:13:04.481+0000] {processor.py:183} INFO - Processing /opt/airflow/dags/example_dag.py took 0.199 seconds
[2025-05-09T19:13:35.218+0000] {processor.py:161} INFO - Started process (PID=75) to work on /opt/airflow/dags/example_dag.py
[2025-05-09T19:13:35.219+0000] {processor.py:830} INFO - Processing file /opt/airflow/dags/example_dag.py for tasks to queue
[2025-05-09T19:13:35.222+0000] {logging_mixin.py:188} INFO - [2025-05-09T19:13:35.221+0000] {dagbag.py:540} INFO - Filling up the DagBag from /opt/airflow/dags/example_dag.py
[2025-05-09T19:13:35.261+0000] {processor.py:840} INFO - DAG(s) 'welcome_dag' retrieved from /opt/airflow/dags/example_dag.py
[2025-05-09T19:13:35.290+0000] {logging_mixin.py:188} INFO - [2025-05-09T19:13:35.290+0000] {dag.py:3096} INFO - Sync 1 DAGs
[2025-05-09T19:13:35.348+0000] {logging_mixin.py:188} INFO - [2025-05-09T19:13:35.347+0000] {dag.py:3954} INFO - Setting next_dagrun for welcome_dag to 2025-05-08 23:00:00+00:00, run_after=2025-05-09 23:00:00+00:00
[2025-05-09T19:13:35.391+0000] {processor.py:183} INFO - Processing /opt/airflow/dags/example_dag.py took 0.181 seconds
[2025-05-09T19:14:05.896+0000] {processor.py:161} INFO - Started process (PID=85) to work on /opt/airflow/dags/example_dag.py
[2025-05-09T19:14:05.897+0000] {processor.py:830} INFO - Processing file /opt/airflow/dags/example_dag.py for tasks to queue
[2025-05-09T19:14:05.900+0000] {logging_mixin.py:188} INFO - [2025-05-09T19:14:05.899+0000] {dagbag.py:540} INFO - Filling up the DagBag from /opt/airflow/dags/example_dag.py
[2025-05-09T19:14:05.928+0000] {processor.py:840} INFO - DAG(s) 'welcome_dag' retrieved from /opt/airflow/dags/example_dag.py
[2025-05-09T19:14:05.958+0000] {logging_mixin.py:188} INFO - [2025-05-09T19:14:05.958+0000] {dag.py:3096} INFO - Sync 1 DAGs
[2025-05-09T19:14:05.980+0000] {logging_mixin.py:188} INFO - [2025-05-09T19:14:05.980+0000] {dag.py:3954} INFO - Setting next_dagrun for welcome_dag to 2025-05-08 23:00:00+00:00, run_after=2025-05-09 23:00:00+00:00
[2025-05-09T19:14:06.012+0000] {processor.py:183} INFO - Processing /opt/airflow/dags/example_dag.py took 0.124 seconds
[2025-05-09T19:14:36.750+0000] {processor.py:161} INFO - Started process (PID=101) to work on /opt/airflow/dags/example_dag.py
[2025-05-09T19:14:36.751+0000] {processor.py:830} INFO - Processing file /opt/airflow/dags/example_dag.py for tasks to queue
[2025-05-09T19:14:36.753+0000] {logging_mixin.py:188} INFO - [2025-05-09T19:14:36.753+0000] {dagbag.py:540} INFO - Filling up the DagBag from /opt/airflow/dags/example_dag.py
[2025-05-09T19:14:36.784+0000] {processor.py:840} INFO - DAG(s) 'welcome_dag' retrieved from /opt/airflow/dags/example_dag.py
[2025-05-09T19:14:36.813+0000] {logging_mixin.py:188} INFO - [2025-05-09T19:14:36.812+0000] {dag.py:3096} INFO - Sync 1 DAGs
[2025-05-09T19:14:36.837+0000] {logging_mixin.py:188} INFO - [2025-05-09T19:14:36.837+0000] {dag.py:3954} INFO - Setting next_dagrun for welcome_dag to 2025-05-08 23:00:00+00:00, run_after=2025-05-09 23:00:00+00:00
[2025-05-09T19:14:36.862+0000] {processor.py:183} INFO - Processing /opt/airflow/dags/example_dag.py took 0.121 seconds
[2025-05-09T19:15:07.529+0000] {processor.py:161} INFO - Started process (PID=113) to work on /opt/airflow/dags/example_dag.py
[2025-05-09T19:15:07.536+0000] {processor.py:830} INFO - Processing file /opt/airflow/dags/example_dag.py for tasks to queue
[2025-05-09T19:15:07.549+0000] {logging_mixin.py:188} INFO - [2025-05-09T19:15:07.548+0000] {dagbag.py:540} INFO - Filling up the DagBag from /opt/airflow/dags/example_dag.py
[2025-05-09T19:15:07.607+0000] {processor.py:840} INFO - DAG(s) 'welcome_dag' retrieved from /opt/airflow/dags/example_dag.py
[2025-05-09T19:15:07.645+0000] {logging_mixin.py:188} INFO - [2025-05-09T19:15:07.644+0000] {dag.py:3096} INFO - Sync 1 DAGs
[2025-05-09T19:15:07.686+0000] {logging_mixin.py:188} INFO - [2025-05-09T19:15:07.685+0000] {dag.py:3954} INFO - Setting next_dagrun for welcome_dag to 2025-05-08 23:00:00+00:00, run_after=2025-05-09 23:00:00+00:00
[2025-05-09T19:15:07.716+0000] {processor.py:183} INFO - Processing /opt/airflow/dags/example_dag.py took 0.208 seconds
[2025-05-09T19:15:38.357+0000] {processor.py:161} INFO - Started process (PID=129) to work on /opt/airflow/dags/example_dag.py
[2025-05-09T19:15:38.359+0000] {processor.py:830} INFO - Processing file /opt/airflow/dags/example_dag.py for tasks to queue
[2025-05-09T19:15:38.363+0000] {logging_mixin.py:188} INFO - [2025-05-09T19:15:38.362+0000] {dagbag.py:540} INFO - Filling up the DagBag from /opt/airflow/dags/example_dag.py
[2025-05-09T19:15:38.418+0000] {processor.py:840} INFO - DAG(s) 'welcome_dag' retrieved from /opt/airflow/dags/example_dag.py
[2025-05-09T19:15:38.459+0000] {logging_mixin.py:188} INFO - [2025-05-09T19:15:38.459+0000] {dag.py:3096} INFO - Sync 1 DAGs
[2025-05-09T19:15:38.501+0000] {logging_mixin.py:188} INFO - [2025-05-09T19:15:38.500+0000] {dag.py:3954} INFO - Setting next_dagrun for welcome_dag to 2025-05-08 23:00:00+00:00, run_after=2025-05-09 23:00:00+00:00
[2025-05-09T19:15:38.541+0000] {processor.py:183} INFO - Processing /opt/airflow/dags/example_dag.py took 0.196 seconds
[2025-05-09T21:19:22.613+0000] {processor.py:161} INFO - Started process (PID=35) to work on /opt/airflow/dags/example_dag.py
[2025-05-09T21:19:22.617+0000] {processor.py:830} INFO - Processing file /opt/airflow/dags/example_dag.py for tasks to queue
[2025-05-09T21:19:22.623+0000] {logging_mixin.py:188} INFO - [2025-05-09T21:19:22.622+0000] {dagbag.py:540} INFO - Filling up the DagBag from /opt/airflow/dags/example_dag.py
[2025-05-09T21:19:22.714+0000] {processor.py:840} INFO - DAG(s) 'welcome_dag' retrieved from /opt/airflow/dags/example_dag.py
[2025-05-09T21:19:23.044+0000] {logging_mixin.py:188} INFO - [2025-05-09T21:19:23.043+0000] {override.py:1901} INFO - Created Permission View: can delete on DAG:welcome_dag
[2025-05-09T21:19:23.059+0000] {logging_mixin.py:188} INFO - [2025-05-09T21:19:23.058+0000] {override.py:1901} INFO - Created Permission View: can edit on DAG:welcome_dag
[2025-05-09T21:19:23.073+0000] {logging_mixin.py:188} INFO - [2025-05-09T21:19:23.072+0000] {override.py:1901} INFO - Created Permission View: can read on DAG:welcome_dag
[2025-05-09T21:19:23.074+0000] {logging_mixin.py:188} INFO - [2025-05-09T21:19:23.074+0000] {dag.py:3096} INFO - Sync 1 DAGs
[2025-05-09T21:19:23.090+0000] {logging_mixin.py:188} INFO - [2025-05-09T21:19:23.090+0000] {dag.py:3118} INFO - Creating ORM DAG for welcome_dag
[2025-05-09T21:19:23.105+0000] {logging_mixin.py:188} INFO - [2025-05-09T21:19:23.105+0000] {dag.py:3954} INFO - Setting next_dagrun for welcome_dag to 2025-05-08 23:00:00+00:00, run_after=2025-05-09 23:00:00+00:00
[2025-05-09T21:19:23.130+0000] {processor.py:183} INFO - Processing /opt/airflow/dags/example_dag.py took 0.530 seconds
[2025-05-09T21:19:53.815+0000] {processor.py:161} INFO - Started process (PID=45) to work on /opt/airflow/dags/example_dag.py
[2025-05-09T21:19:53.817+0000] {processor.py:830} INFO - Processing file /opt/airflow/dags/example_dag.py for tasks to queue
[2025-05-09T21:19:53.819+0000] {logging_mixin.py:188} INFO - [2025-05-09T21:19:53.819+0000] {dagbag.py:540} INFO - Filling up the DagBag from /opt/airflow/dags/example_dag.py
[2025-05-09T21:19:53.869+0000] {processor.py:840} INFO - DAG(s) 'welcome_dag' retrieved from /opt/airflow/dags/example_dag.py
[2025-05-09T21:19:53.909+0000] {logging_mixin.py:188} INFO - [2025-05-09T21:19:53.909+0000] {dag.py:3096} INFO - Sync 1 DAGs
[2025-05-09T21:19:53.949+0000] {logging_mixin.py:188} INFO - [2025-05-09T21:19:53.949+0000] {dag.py:3954} INFO - Setting next_dagrun for welcome_dag to 2025-05-08 23:00:00+00:00, run_after=2025-05-09 23:00:00+00:00
[2025-05-09T21:19:53.986+0000] {processor.py:183} INFO - Processing /opt/airflow/dags/example_dag.py took 0.179 seconds
[2025-05-09T21:20:24.666+0000] {processor.py:161} INFO - Started process (PID=55) to work on /opt/airflow/dags/example_dag.py
[2025-05-09T21:20:24.668+0000] {processor.py:830} INFO - Processing file /opt/airflow/dags/example_dag.py for tasks to queue
[2025-05-09T21:20:24.671+0000] {logging_mixin.py:188} INFO - [2025-05-09T21:20:24.671+0000] {dagbag.py:540} INFO - Filling up the DagBag from /opt/airflow/dags/example_dag.py
[2025-05-09T21:20:24.721+0000] {processor.py:840} INFO - DAG(s) 'welcome_dag' retrieved from /opt/airflow/dags/example_dag.py
[2025-05-09T21:20:24.762+0000] {logging_mixin.py:188} INFO - [2025-05-09T21:20:24.762+0000] {dag.py:3096} INFO - Sync 1 DAGs
[2025-05-09T21:20:24.798+0000] {logging_mixin.py:188} INFO - [2025-05-09T21:20:24.798+0000] {dag.py:3954} INFO - Setting next_dagrun for welcome_dag to 2025-05-08 23:00:00+00:00, run_after=2025-05-09 23:00:00+00:00
[2025-05-09T21:20:24.847+0000] {processor.py:183} INFO - Processing /opt/airflow/dags/example_dag.py took 0.189 seconds
[2025-05-09T21:20:55.538+0000] {processor.py:161} INFO - Started process (PID=65) to work on /opt/airflow/dags/example_dag.py
[2025-05-09T21:20:55.540+0000] {processor.py:830} INFO - Processing file /opt/airflow/dags/example_dag.py for tasks to queue
[2025-05-09T21:20:55.542+0000] {logging_mixin.py:188} INFO - [2025-05-09T21:20:55.541+0000] {dagbag.py:540} INFO - Filling up the DagBag from /opt/airflow/dags/example_dag.py
[2025-05-09T21:20:55.581+0000] {processor.py:840} INFO - DAG(s) 'welcome_dag' retrieved from /opt/airflow/dags/example_dag.py
[2025-05-09T21:20:55.610+0000] {logging_mixin.py:188} INFO - [2025-05-09T21:20:55.610+0000] {dag.py:3096} INFO - Sync 1 DAGs
[2025-05-09T21:20:55.640+0000] {logging_mixin.py:188} INFO - [2025-05-09T21:20:55.640+0000] {dag.py:3954} INFO - Setting next_dagrun for welcome_dag to 2025-05-08 23:00:00+00:00, run_after=2025-05-09 23:00:00+00:00
[2025-05-09T21:20:55.673+0000] {processor.py:183} INFO - Processing /opt/airflow/dags/example_dag.py took 0.141 seconds
[2025-05-09T21:21:26.401+0000] {processor.py:161} INFO - Started process (PID=75) to work on /opt/airflow/dags/example_dag.py
[2025-05-09T21:21:26.403+0000] {processor.py:830} INFO - Processing file /opt/airflow/dags/example_dag.py for tasks to queue
[2025-05-09T21:21:26.405+0000] {logging_mixin.py:188} INFO - [2025-05-09T21:21:26.405+0000] {dagbag.py:540} INFO - Filling up the DagBag from /opt/airflow/dags/example_dag.py
[2025-05-09T21:21:26.450+0000] {processor.py:840} INFO - DAG(s) 'welcome_dag' retrieved from /opt/airflow/dags/example_dag.py
[2025-05-09T21:21:26.483+0000] {logging_mixin.py:188} INFO - [2025-05-09T21:21:26.483+0000] {dag.py:3096} INFO - Sync 1 DAGs
[2025-05-09T21:21:26.511+0000] {logging_mixin.py:188} INFO - [2025-05-09T21:21:26.511+0000] {dag.py:3954} INFO - Setting next_dagrun for welcome_dag to 2025-05-08 23:00:00+00:00, run_after=2025-05-09 23:00:00+00:00
[2025-05-09T21:21:26.540+0000] {processor.py:183} INFO - Processing /opt/airflow/dags/example_dag.py took 0.150 seconds
[2025-05-09T21:21:57.090+0000] {processor.py:161} INFO - Started process (PID=85) to work on /opt/airflow/dags/example_dag.py
[2025-05-09T21:21:57.092+0000] {processor.py:830} INFO - Processing file /opt/airflow/dags/example_dag.py for tasks to queue
[2025-05-09T21:21:57.095+0000] {logging_mixin.py:188} INFO - [2025-05-09T21:21:57.094+0000] {dagbag.py:540} INFO - Filling up the DagBag from /opt/airflow/dags/example_dag.py
[2025-05-09T21:21:57.138+0000] {processor.py:840} INFO - DAG(s) 'welcome_dag' retrieved from /opt/airflow/dags/example_dag.py
[2025-05-09T21:21:57.185+0000] {logging_mixin.py:188} INFO - [2025-05-09T21:21:57.184+0000] {dag.py:3096} INFO - Sync 1 DAGs
[2025-05-09T21:21:57.241+0000] {logging_mixin.py:188} INFO - [2025-05-09T21:21:57.241+0000] {dag.py:3954} INFO - Setting next_dagrun for welcome_dag to 2025-05-08 23:00:00+00:00, run_after=2025-05-09 23:00:00+00:00
[2025-05-09T21:21:57.298+0000] {processor.py:183} INFO - Processing /opt/airflow/dags/example_dag.py took 0.221 seconds
[2025-05-09T21:22:27.723+0000] {processor.py:161} INFO - Started process (PID=102) to work on /opt/airflow/dags/example_dag.py
[2025-05-09T21:22:27.725+0000] {processor.py:830} INFO - Processing file /opt/airflow/dags/example_dag.py for tasks to queue
[2025-05-09T21:22:27.727+0000] {logging_mixin.py:188} INFO - [2025-05-09T21:22:27.727+0000] {dagbag.py:540} INFO - Filling up the DagBag from /opt/airflow/dags/example_dag.py
[2025-05-09T21:22:27.767+0000] {processor.py:840} INFO - DAG(s) 'welcome_dag' retrieved from /opt/airflow/dags/example_dag.py
[2025-05-09T21:22:27.802+0000] {logging_mixin.py:188} INFO - [2025-05-09T21:22:27.801+0000] {dag.py:3096} INFO - Sync 1 DAGs
[2025-05-09T21:22:27.831+0000] {logging_mixin.py:188} INFO - [2025-05-09T21:22:27.830+0000] {dag.py:3954} INFO - Setting next_dagrun for welcome_dag to 2025-05-08 23:00:00+00:00, run_after=2025-05-09 23:00:00+00:00
[2025-05-09T21:22:27.864+0000] {processor.py:183} INFO - Processing /opt/airflow/dags/example_dag.py took 0.150 seconds
[2025-05-09T21:22:58.431+0000] {processor.py:161} INFO - Started process (PID=112) to work on /opt/airflow/dags/example_dag.py
[2025-05-09T21:22:58.433+0000] {processor.py:830} INFO - Processing file /opt/airflow/dags/example_dag.py for tasks to queue
[2025-05-09T21:22:58.435+0000] {logging_mixin.py:188} INFO - [2025-05-09T21:22:58.435+0000] {dagbag.py:540} INFO - Filling up the DagBag from /opt/airflow/dags/example_dag.py
[2025-05-09T21:22:58.463+0000] {processor.py:840} INFO - DAG(s) 'welcome_dag' retrieved from /opt/airflow/dags/example_dag.py
[2025-05-09T21:22:58.498+0000] {logging_mixin.py:188} INFO - [2025-05-09T21:22:58.498+0000] {dag.py:3096} INFO - Sync 1 DAGs
[2025-05-09T21:22:58.526+0000] {logging_mixin.py:188} INFO - [2025-05-09T21:22:58.526+0000] {dag.py:3954} INFO - Setting next_dagrun for welcome_dag to 2025-05-08 23:00:00+00:00, run_after=2025-05-09 23:00:00+00:00
[2025-05-09T21:22:58.549+0000] {processor.py:183} INFO - Processing /opt/airflow/dags/example_dag.py took 0.125 seconds
[2025-05-09T21:23:29.159+0000] {processor.py:161} INFO - Started process (PID=122) to work on /opt/airflow/dags/example_dag.py
[2025-05-09T21:23:29.161+0000] {processor.py:830} INFO - Processing file /opt/airflow/dags/example_dag.py for tasks to queue
[2025-05-09T21:23:29.163+0000] {logging_mixin.py:188} INFO - [2025-05-09T21:23:29.163+0000] {dagbag.py:540} INFO - Filling up the DagBag from /opt/airflow/dags/example_dag.py
[2025-05-09T21:23:29.202+0000] {processor.py:840} INFO - DAG(s) 'welcome_dag' retrieved from /opt/airflow/dags/example_dag.py
[2025-05-09T21:23:29.232+0000] {logging_mixin.py:188} INFO - [2025-05-09T21:23:29.231+0000] {dag.py:3096} INFO - Sync 1 DAGs
[2025-05-09T21:23:29.256+0000] {logging_mixin.py:188} INFO - [2025-05-09T21:23:29.255+0000] {dag.py:3954} INFO - Setting next_dagrun for welcome_dag to 2025-05-08 23:00:00+00:00, run_after=2025-05-09 23:00:00+00:00
[2025-05-09T21:23:29.281+0000] {processor.py:183} INFO - Processing /opt/airflow/dags/example_dag.py took 0.131 seconds
[2025-05-09T21:23:59.975+0000] {processor.py:161} INFO - Started process (PID=132) to work on /opt/airflow/dags/example_dag.py
[2025-05-09T21:23:59.976+0000] {processor.py:830} INFO - Processing file /opt/airflow/dags/example_dag.py for tasks to queue
[2025-05-09T21:23:59.979+0000] {logging_mixin.py:188} INFO - [2025-05-09T21:23:59.979+0000] {dagbag.py:540} INFO - Filling up the DagBag from /opt/airflow/dags/example_dag.py
[2025-05-09T21:24:00.022+0000] {processor.py:840} INFO - DAG(s) 'welcome_dag' retrieved from /opt/airflow/dags/example_dag.py
[2025-05-09T21:24:00.065+0000] {logging_mixin.py:188} INFO - [2025-05-09T21:24:00.065+0000] {dag.py:3096} INFO - Sync 1 DAGs
[2025-05-09T21:24:00.091+0000] {logging_mixin.py:188} INFO - [2025-05-09T21:24:00.091+0000] {dag.py:3954} INFO - Setting next_dagrun for welcome_dag to 2025-05-08 23:00:00+00:00, run_after=2025-05-09 23:00:00+00:00
[2025-05-09T21:24:00.111+0000] {processor.py:183} INFO - Processing /opt/airflow/dags/example_dag.py took 0.143 seconds
[2025-05-09T21:24:30.227+0000] {processor.py:161} INFO - Started process (PID=142) to work on /opt/airflow/dags/example_dag.py
[2025-05-09T21:24:30.229+0000] {processor.py:830} INFO - Processing file /opt/airflow/dags/example_dag.py for tasks to queue
[2025-05-09T21:24:30.231+0000] {logging_mixin.py:188} INFO - [2025-05-09T21:24:30.231+0000] {dagbag.py:540} INFO - Filling up the DagBag from /opt/airflow/dags/example_dag.py
[2025-05-09T21:24:30.283+0000] {processor.py:840} INFO - DAG(s) 'welcome_dag' retrieved from /opt/airflow/dags/example_dag.py
[2025-05-09T21:24:30.329+0000] {logging_mixin.py:188} INFO - [2025-05-09T21:24:30.328+0000] {dag.py:3096} INFO - Sync 1 DAGs
[2025-05-09T21:24:30.379+0000] {logging_mixin.py:188} INFO - [2025-05-09T21:24:30.378+0000] {dag.py:3954} INFO - Setting next_dagrun for welcome_dag to 2025-05-08 23:00:00+00:00, run_after=2025-05-09 23:00:00+00:00
[2025-05-09T21:24:30.416+0000] {processor.py:183} INFO - Processing /opt/airflow/dags/example_dag.py took 0.197 seconds
[2025-05-09T21:25:01.158+0000] {processor.py:161} INFO - Started process (PID=152) to work on /opt/airflow/dags/example_dag.py
[2025-05-09T21:25:01.159+0000] {processor.py:830} INFO - Processing file /opt/airflow/dags/example_dag.py for tasks to queue
[2025-05-09T21:25:01.162+0000] {logging_mixin.py:188} INFO - [2025-05-09T21:25:01.162+0000] {dagbag.py:540} INFO - Filling up the DagBag from /opt/airflow/dags/example_dag.py
[2025-05-09T21:25:01.231+0000] {processor.py:840} INFO - DAG(s) 'welcome_dag' retrieved from /opt/airflow/dags/example_dag.py
[2025-05-09T21:25:01.278+0000] {logging_mixin.py:188} INFO - [2025-05-09T21:25:01.278+0000] {dag.py:3096} INFO - Sync 1 DAGs
[2025-05-09T21:25:01.305+0000] {logging_mixin.py:188} INFO - [2025-05-09T21:25:01.304+0000] {dag.py:3954} INFO - Setting next_dagrun for welcome_dag to 2025-05-08 23:00:00+00:00, run_after=2025-05-09 23:00:00+00:00
[2025-05-09T21:25:01.332+0000] {processor.py:183} INFO - Processing /opt/airflow/dags/example_dag.py took 0.181 seconds
[2025-05-09T21:25:31.535+0000] {processor.py:161} INFO - Started process (PID=162) to work on /opt/airflow/dags/example_dag.py
[2025-05-09T21:25:31.537+0000] {processor.py:830} INFO - Processing file /opt/airflow/dags/example_dag.py for tasks to queue
[2025-05-09T21:25:31.539+0000] {logging_mixin.py:188} INFO - [2025-05-09T21:25:31.539+0000] {dagbag.py:540} INFO - Filling up the DagBag from /opt/airflow/dags/example_dag.py
[2025-05-09T21:25:31.566+0000] {processor.py:840} INFO - DAG(s) 'welcome_dag' retrieved from /opt/airflow/dags/example_dag.py
[2025-05-09T21:25:31.595+0000] {logging_mixin.py:188} INFO - [2025-05-09T21:25:31.595+0000] {dag.py:3096} INFO - Sync 1 DAGs
[2025-05-09T21:25:31.619+0000] {logging_mixin.py:188} INFO - [2025-05-09T21:25:31.619+0000] {dag.py:3954} INFO - Setting next_dagrun for welcome_dag to 2025-05-08 23:00:00+00:00, run_after=2025-05-09 23:00:00+00:00
[2025-05-09T21:25:31.645+0000] {processor.py:183} INFO - Processing /opt/airflow/dags/example_dag.py took 0.117 seconds
[2025-05-09T21:26:02.405+0000] {processor.py:161} INFO - Started process (PID=172) to work on /opt/airflow/dags/example_dag.py
[2025-05-09T21:26:02.407+0000] {processor.py:830} INFO - Processing file /opt/airflow/dags/example_dag.py for tasks to queue
[2025-05-09T21:26:02.410+0000] {logging_mixin.py:188} INFO - [2025-05-09T21:26:02.410+0000] {dagbag.py:540} INFO - Filling up the DagBag from /opt/airflow/dags/example_dag.py
[2025-05-09T21:26:02.458+0000] {processor.py:840} INFO - DAG(s) 'welcome_dag' retrieved from /opt/airflow/dags/example_dag.py
[2025-05-09T21:26:02.493+0000] {logging_mixin.py:188} INFO - [2025-05-09T21:26:02.493+0000] {dag.py:3096} INFO - Sync 1 DAGs
[2025-05-09T21:26:02.522+0000] {logging_mixin.py:188} INFO - [2025-05-09T21:26:02.521+0000] {dag.py:3954} INFO - Setting next_dagrun for welcome_dag to 2025-05-08 23:00:00+00:00, run_after=2025-05-09 23:00:00+00:00
[2025-05-09T21:26:02.547+0000] {processor.py:183} INFO - Processing /opt/airflow/dags/example_dag.py took 0.150 seconds
[2025-05-09T21:26:33.179+0000] {processor.py:161} INFO - Started process (PID=182) to work on /opt/airflow/dags/example_dag.py
[2025-05-09T21:26:33.180+0000] {processor.py:830} INFO - Processing file /opt/airflow/dags/example_dag.py for tasks to queue
[2025-05-09T21:26:33.183+0000] {logging_mixin.py:188} INFO - [2025-05-09T21:26:33.183+0000] {dagbag.py:540} INFO - Filling up the DagBag from /opt/airflow/dags/example_dag.py
[2025-05-09T21:26:33.214+0000] {processor.py:840} INFO - DAG(s) 'welcome_dag' retrieved from /opt/airflow/dags/example_dag.py
[2025-05-09T21:26:33.250+0000] {logging_mixin.py:188} INFO - [2025-05-09T21:26:33.250+0000] {dag.py:3096} INFO - Sync 1 DAGs
[2025-05-09T21:26:33.277+0000] {logging_mixin.py:188} INFO - [2025-05-09T21:26:33.277+0000] {dag.py:3954} INFO - Setting next_dagrun for welcome_dag to 2025-05-08 23:00:00+00:00, run_after=2025-05-09 23:00:00+00:00
[2025-05-09T21:26:33.297+0000] {processor.py:183} INFO - Processing /opt/airflow/dags/example_dag.py took 0.132 seconds
[2025-05-09T21:27:03.872+0000] {processor.py:161} INFO - Started process (PID=192) to work on /opt/airflow/dags/example_dag.py
[2025-05-09T21:27:03.874+0000] {processor.py:830} INFO - Processing file /opt/airflow/dags/example_dag.py for tasks to queue
[2025-05-09T21:27:03.877+0000] {logging_mixin.py:188} INFO - [2025-05-09T21:27:03.876+0000] {dagbag.py:540} INFO - Filling up the DagBag from /opt/airflow/dags/example_dag.py
[2025-05-09T21:27:03.911+0000] {processor.py:840} INFO - DAG(s) 'welcome_dag' retrieved from /opt/airflow/dags/example_dag.py
[2025-05-09T21:27:03.947+0000] {logging_mixin.py:188} INFO - [2025-05-09T21:27:03.947+0000] {dag.py:3096} INFO - Sync 1 DAGs
[2025-05-09T21:27:03.991+0000] {logging_mixin.py:188} INFO - [2025-05-09T21:27:03.990+0000] {dag.py:3954} INFO - Setting next_dagrun for welcome_dag to 2025-05-08 23:00:00+00:00, run_after=2025-05-09 23:00:00+00:00
[2025-05-09T21:27:04.015+0000] {processor.py:183} INFO - Processing /opt/airflow/dags/example_dag.py took 0.150 seconds
[2025-05-09T21:27:34.594+0000] {processor.py:161} INFO - Started process (PID=201) to work on /opt/airflow/dags/example_dag.py
[2025-05-09T21:27:34.596+0000] {processor.py:830} INFO - Processing file /opt/airflow/dags/example_dag.py for tasks to queue
[2025-05-09T21:27:34.598+0000] {logging_mixin.py:188} INFO - [2025-05-09T21:27:34.598+0000] {dagbag.py:540} INFO - Filling up the DagBag from /opt/airflow/dags/example_dag.py
[2025-05-09T21:27:34.653+0000] {processor.py:840} INFO - DAG(s) 'welcome_dag' retrieved from /opt/airflow/dags/example_dag.py
[2025-05-09T21:27:34.699+0000] {logging_mixin.py:188} INFO - [2025-05-09T21:27:34.699+0000] {dag.py:3096} INFO - Sync 1 DAGs
[2025-05-09T21:27:34.734+0000] {logging_mixin.py:188} INFO - [2025-05-09T21:27:34.733+0000] {dag.py:3954} INFO - Setting next_dagrun for welcome_dag to 2025-05-08 23:00:00+00:00, run_after=2025-05-09 23:00:00+00:00
[2025-05-09T21:27:34.768+0000] {processor.py:183} INFO - Processing /opt/airflow/dags/example_dag.py took 0.186 seconds
[2025-05-09T21:28:05.366+0000] {processor.py:161} INFO - Started process (PID=211) to work on /opt/airflow/dags/example_dag.py
[2025-05-09T21:28:05.367+0000] {processor.py:830} INFO - Processing file /opt/airflow/dags/example_dag.py for tasks to queue
[2025-05-09T21:28:05.369+0000] {logging_mixin.py:188} INFO - [2025-05-09T21:28:05.369+0000] {dagbag.py:540} INFO - Filling up the DagBag from /opt/airflow/dags/example_dag.py
[2025-05-09T21:28:05.412+0000] {processor.py:840} INFO - DAG(s) 'welcome_dag' retrieved from /opt/airflow/dags/example_dag.py
[2025-05-09T21:28:05.451+0000] {logging_mixin.py:188} INFO - [2025-05-09T21:28:05.451+0000] {dag.py:3096} INFO - Sync 1 DAGs
[2025-05-09T21:28:05.476+0000] {logging_mixin.py:188} INFO - [2025-05-09T21:28:05.476+0000] {dag.py:3954} INFO - Setting next_dagrun for welcome_dag to 2025-05-08 23:00:00+00:00, run_after=2025-05-09 23:00:00+00:00
[2025-05-09T21:28:05.497+0000] {processor.py:183} INFO - Processing /opt/airflow/dags/example_dag.py took 0.139 seconds
[2025-05-09T21:28:36.172+0000] {processor.py:161} INFO - Started process (PID=221) to work on /opt/airflow/dags/example_dag.py
[2025-05-09T21:28:36.174+0000] {processor.py:830} INFO - Processing file /opt/airflow/dags/example_dag.py for tasks to queue
[2025-05-09T21:28:36.180+0000] {logging_mixin.py:188} INFO - [2025-05-09T21:28:36.178+0000] {dagbag.py:540} INFO - Filling up the DagBag from /opt/airflow/dags/example_dag.py
[2025-05-09T21:28:36.243+0000] {processor.py:840} INFO - DAG(s) 'welcome_dag' retrieved from /opt/airflow/dags/example_dag.py
[2025-05-09T21:28:36.295+0000] {logging_mixin.py:188} INFO - [2025-05-09T21:28:36.295+0000] {dag.py:3096} INFO - Sync 1 DAGs
[2025-05-09T21:28:36.337+0000] {logging_mixin.py:188} INFO - [2025-05-09T21:28:36.337+0000] {dag.py:3954} INFO - Setting next_dagrun for welcome_dag to 2025-05-08 23:00:00+00:00, run_after=2025-05-09 23:00:00+00:00
[2025-05-09T21:28:36.360+0000] {processor.py:183} INFO - Processing /opt/airflow/dags/example_dag.py took 0.194 seconds
[2025-05-09T21:29:06.959+0000] {processor.py:161} INFO - Started process (PID=232) to work on /opt/airflow/dags/example_dag.py
[2025-05-09T21:29:06.960+0000] {processor.py:830} INFO - Processing file /opt/airflow/dags/example_dag.py for tasks to queue
[2025-05-09T21:29:06.963+0000] {logging_mixin.py:188} INFO - [2025-05-09T21:29:06.963+0000] {dagbag.py:540} INFO - Filling up the DagBag from /opt/airflow/dags/example_dag.py
[2025-05-09T21:29:07.008+0000] {processor.py:840} INFO - DAG(s) 'welcome_dag' retrieved from /opt/airflow/dags/example_dag.py
[2025-05-09T21:29:07.042+0000] {logging_mixin.py:188} INFO - [2025-05-09T21:29:07.042+0000] {dag.py:3096} INFO - Sync 1 DAGs
[2025-05-09T21:29:07.072+0000] {logging_mixin.py:188} INFO - [2025-05-09T21:29:07.071+0000] {dag.py:3954} INFO - Setting next_dagrun for welcome_dag to 2025-05-08 23:00:00+00:00, run_after=2025-05-09 23:00:00+00:00
[2025-05-09T21:29:07.093+0000] {processor.py:183} INFO - Processing /opt/airflow/dags/example_dag.py took 0.142 seconds
[2025-05-09T21:29:37.826+0000] {processor.py:161} INFO - Started process (PID=242) to work on /opt/airflow/dags/example_dag.py
[2025-05-09T21:29:37.828+0000] {processor.py:830} INFO - Processing file /opt/airflow/dags/example_dag.py for tasks to queue
[2025-05-09T21:29:37.830+0000] {logging_mixin.py:188} INFO - [2025-05-09T21:29:37.830+0000] {dagbag.py:540} INFO - Filling up the DagBag from /opt/airflow/dags/example_dag.py
[2025-05-09T21:29:37.861+0000] {processor.py:840} INFO - DAG(s) 'welcome_dag' retrieved from /opt/airflow/dags/example_dag.py
[2025-05-09T21:29:37.902+0000] {logging_mixin.py:188} INFO - [2025-05-09T21:29:37.902+0000] {dag.py:3096} INFO - Sync 1 DAGs
[2025-05-09T21:29:37.925+0000] {logging_mixin.py:188} INFO - [2025-05-09T21:29:37.925+0000] {dag.py:3954} INFO - Setting next_dagrun for welcome_dag to 2025-05-08 23:00:00+00:00, run_after=2025-05-09 23:00:00+00:00
[2025-05-09T21:29:37.947+0000] {processor.py:183} INFO - Processing /opt/airflow/dags/example_dag.py took 0.133 seconds
[2025-05-09T21:30:08.467+0000] {processor.py:161} INFO - Started process (PID=253) to work on /opt/airflow/dags/example_dag.py
[2025-05-09T21:30:08.468+0000] {processor.py:830} INFO - Processing file /opt/airflow/dags/example_dag.py for tasks to queue
[2025-05-09T21:30:08.470+0000] {logging_mixin.py:188} INFO - [2025-05-09T21:30:08.470+0000] {dagbag.py:540} INFO - Filling up the DagBag from /opt/airflow/dags/example_dag.py
[2025-05-09T21:30:08.503+0000] {processor.py:840} INFO - DAG(s) 'welcome_dag' retrieved from /opt/airflow/dags/example_dag.py
[2025-05-09T21:30:08.536+0000] {logging_mixin.py:188} INFO - [2025-05-09T21:30:08.536+0000] {dag.py:3096} INFO - Sync 1 DAGs
[2025-05-09T21:30:08.561+0000] {logging_mixin.py:188} INFO - [2025-05-09T21:30:08.560+0000] {dag.py:3954} INFO - Setting next_dagrun for welcome_dag to 2025-05-08 23:00:00+00:00, run_after=2025-05-09 23:00:00+00:00
[2025-05-09T21:30:08.580+0000] {processor.py:183} INFO - Processing /opt/airflow/dags/example_dag.py took 0.119 seconds
[2025-05-09T21:30:39.353+0000] {processor.py:161} INFO - Started process (PID=263) to work on /opt/airflow/dags/example_dag.py
[2025-05-09T21:30:39.355+0000] {processor.py:830} INFO - Processing file /opt/airflow/dags/example_dag.py for tasks to queue
[2025-05-09T21:30:39.357+0000] {logging_mixin.py:188} INFO - [2025-05-09T21:30:39.356+0000] {dagbag.py:540} INFO - Filling up the DagBag from /opt/airflow/dags/example_dag.py
[2025-05-09T21:30:39.400+0000] {processor.py:840} INFO - DAG(s) 'welcome_dag' retrieved from /opt/airflow/dags/example_dag.py
[2025-05-09T21:30:39.470+0000] {logging_mixin.py:188} INFO - [2025-05-09T21:30:39.469+0000] {dag.py:3096} INFO - Sync 1 DAGs
[2025-05-09T21:30:39.500+0000] {logging_mixin.py:188} INFO - [2025-05-09T21:30:39.500+0000] {dag.py:3954} INFO - Setting next_dagrun for welcome_dag to 2025-05-08 23:00:00+00:00, run_after=2025-05-09 23:00:00+00:00
[2025-05-09T21:30:39.527+0000] {processor.py:183} INFO - Processing /opt/airflow/dags/example_dag.py took 0.189 seconds
[2025-05-09T21:31:10.044+0000] {processor.py:161} INFO - Started process (PID=273) to work on /opt/airflow/dags/example_dag.py
[2025-05-09T21:31:10.045+0000] {processor.py:830} INFO - Processing file /opt/airflow/dags/example_dag.py for tasks to queue
[2025-05-09T21:31:10.049+0000] {logging_mixin.py:188} INFO - [2025-05-09T21:31:10.048+0000] {dagbag.py:540} INFO - Filling up the DagBag from /opt/airflow/dags/example_dag.py
[2025-05-09T21:31:10.088+0000] {processor.py:840} INFO - DAG(s) 'welcome_dag' retrieved from /opt/airflow/dags/example_dag.py
[2025-05-09T21:31:10.141+0000] {logging_mixin.py:188} INFO - [2025-05-09T21:31:10.140+0000] {dag.py:3096} INFO - Sync 1 DAGs
[2025-05-09T21:31:10.171+0000] {logging_mixin.py:188} INFO - [2025-05-09T21:31:10.170+0000] {dag.py:3954} INFO - Setting next_dagrun for welcome_dag to 2025-05-08 23:00:00+00:00, run_after=2025-05-09 23:00:00+00:00
[2025-05-09T21:31:10.197+0000] {processor.py:183} INFO - Processing /opt/airflow/dags/example_dag.py took 0.162 seconds
[2025-05-09T21:31:40.790+0000] {processor.py:161} INFO - Started process (PID=283) to work on /opt/airflow/dags/example_dag.py
[2025-05-09T21:31:40.791+0000] {processor.py:830} INFO - Processing file /opt/airflow/dags/example_dag.py for tasks to queue
[2025-05-09T21:31:40.795+0000] {logging_mixin.py:188} INFO - [2025-05-09T21:31:40.794+0000] {dagbag.py:540} INFO - Filling up the DagBag from /opt/airflow/dags/example_dag.py
[2025-05-09T21:31:40.842+0000] {processor.py:840} INFO - DAG(s) 'welcome_dag' retrieved from /opt/airflow/dags/example_dag.py
[2025-05-09T21:31:40.894+0000] {logging_mixin.py:188} INFO - [2025-05-09T21:31:40.894+0000] {dag.py:3096} INFO - Sync 1 DAGs
[2025-05-09T21:31:40.927+0000] {logging_mixin.py:188} INFO - [2025-05-09T21:31:40.927+0000] {dag.py:3954} INFO - Setting next_dagrun for welcome_dag to 2025-05-08 23:00:00+00:00, run_after=2025-05-09 23:00:00+00:00
[2025-05-09T21:31:40.958+0000] {processor.py:183} INFO - Processing /opt/airflow/dags/example_dag.py took 0.177 seconds
[2025-05-09T21:32:11.585+0000] {processor.py:161} INFO - Started process (PID=293) to work on /opt/airflow/dags/example_dag.py
[2025-05-09T21:32:11.587+0000] {processor.py:830} INFO - Processing file /opt/airflow/dags/example_dag.py for tasks to queue
[2025-05-09T21:32:11.595+0000] {logging_mixin.py:188} INFO - [2025-05-09T21:32:11.594+0000] {dagbag.py:540} INFO - Filling up the DagBag from /opt/airflow/dags/example_dag.py
[2025-05-09T21:32:11.642+0000] {processor.py:840} INFO - DAG(s) 'welcome_dag' retrieved from /opt/airflow/dags/example_dag.py
[2025-05-09T21:32:11.679+0000] {logging_mixin.py:188} INFO - [2025-05-09T21:32:11.679+0000] {dag.py:3096} INFO - Sync 1 DAGs
[2025-05-09T21:32:11.707+0000] {logging_mixin.py:188} INFO - [2025-05-09T21:32:11.706+0000] {dag.py:3954} INFO - Setting next_dagrun for welcome_dag to 2025-05-08 23:00:00+00:00, run_after=2025-05-09 23:00:00+00:00
[2025-05-09T21:32:11.733+0000] {processor.py:183} INFO - Processing /opt/airflow/dags/example_dag.py took 0.167 seconds
[2025-05-09T21:32:42.447+0000] {processor.py:161} INFO - Started process (PID=303) to work on /opt/airflow/dags/example_dag.py
[2025-05-09T21:32:42.449+0000] {processor.py:830} INFO - Processing file /opt/airflow/dags/example_dag.py for tasks to queue
[2025-05-09T21:32:42.452+0000] {logging_mixin.py:188} INFO - [2025-05-09T21:32:42.451+0000] {dagbag.py:540} INFO - Filling up the DagBag from /opt/airflow/dags/example_dag.py
[2025-05-09T21:32:42.500+0000] {processor.py:840} INFO - DAG(s) 'welcome_dag' retrieved from /opt/airflow/dags/example_dag.py
[2025-05-09T21:32:42.536+0000] {logging_mixin.py:188} INFO - [2025-05-09T21:32:42.536+0000] {dag.py:3096} INFO - Sync 1 DAGs
[2025-05-09T21:32:42.602+0000] {logging_mixin.py:188} INFO - [2025-05-09T21:32:42.601+0000] {dag.py:3954} INFO - Setting next_dagrun for welcome_dag to 2025-05-08 23:00:00+00:00, run_after=2025-05-09 23:00:00+00:00
[2025-05-09T21:32:42.644+0000] {processor.py:183} INFO - Processing /opt/airflow/dags/example_dag.py took 0.205 seconds
[2025-05-09T21:33:13.341+0000] {processor.py:161} INFO - Started process (PID=313) to work on /opt/airflow/dags/example_dag.py
[2025-05-09T21:33:13.342+0000] {processor.py:830} INFO - Processing file /opt/airflow/dags/example_dag.py for tasks to queue
[2025-05-09T21:33:13.345+0000] {logging_mixin.py:188} INFO - [2025-05-09T21:33:13.344+0000] {dagbag.py:540} INFO - Filling up the DagBag from /opt/airflow/dags/example_dag.py
[2025-05-09T21:33:13.388+0000] {processor.py:840} INFO - DAG(s) 'welcome_dag' retrieved from /opt/airflow/dags/example_dag.py
[2025-05-09T21:33:13.420+0000] {logging_mixin.py:188} INFO - [2025-05-09T21:33:13.420+0000] {dag.py:3096} INFO - Sync 1 DAGs
[2025-05-09T21:33:13.451+0000] {logging_mixin.py:188} INFO - [2025-05-09T21:33:13.451+0000] {dag.py:3954} INFO - Setting next_dagrun for welcome_dag to 2025-05-08 23:00:00+00:00, run_after=2025-05-09 23:00:00+00:00
[2025-05-09T21:33:13.474+0000] {processor.py:183} INFO - Processing /opt/airflow/dags/example_dag.py took 0.143 seconds
[2025-05-09T21:33:44.279+0000] {processor.py:161} INFO - Started process (PID=323) to work on /opt/airflow/dags/example_dag.py
[2025-05-09T21:33:44.288+0000] {processor.py:830} INFO - Processing file /opt/airflow/dags/example_dag.py for tasks to queue
[2025-05-09T21:33:44.292+0000] {logging_mixin.py:188} INFO - [2025-05-09T21:33:44.291+0000] {dagbag.py:540} INFO - Filling up the DagBag from /opt/airflow/dags/example_dag.py
[2025-05-09T21:33:44.347+0000] {processor.py:840} INFO - DAG(s) 'welcome_dag' retrieved from /opt/airflow/dags/example_dag.py
[2025-05-09T21:33:44.393+0000] {logging_mixin.py:188} INFO - [2025-05-09T21:33:44.393+0000] {dag.py:3096} INFO - Sync 1 DAGs
[2025-05-09T21:33:44.436+0000] {logging_mixin.py:188} INFO - [2025-05-09T21:33:44.435+0000] {dag.py:3954} INFO - Setting next_dagrun for welcome_dag to 2025-05-08 23:00:00+00:00, run_after=2025-05-09 23:00:00+00:00
[2025-05-09T21:33:44.457+0000] {processor.py:183} INFO - Processing /opt/airflow/dags/example_dag.py took 0.188 seconds
[2025-05-09T21:34:15.203+0000] {processor.py:161} INFO - Started process (PID=333) to work on /opt/airflow/dags/example_dag.py
[2025-05-09T21:34:15.204+0000] {processor.py:830} INFO - Processing file /opt/airflow/dags/example_dag.py for tasks to queue
[2025-05-09T21:34:15.210+0000] {logging_mixin.py:188} INFO - [2025-05-09T21:34:15.209+0000] {dagbag.py:540} INFO - Filling up the DagBag from /opt/airflow/dags/example_dag.py
[2025-05-09T21:34:15.264+0000] {processor.py:840} INFO - DAG(s) 'welcome_dag' retrieved from /opt/airflow/dags/example_dag.py
[2025-05-09T21:34:15.334+0000] {logging_mixin.py:188} INFO - [2025-05-09T21:34:15.333+0000] {dag.py:3096} INFO - Sync 1 DAGs
[2025-05-09T21:34:15.379+0000] {logging_mixin.py:188} INFO - [2025-05-09T21:34:15.378+0000] {dag.py:3954} INFO - Setting next_dagrun for welcome_dag to 2025-05-08 23:00:00+00:00, run_after=2025-05-09 23:00:00+00:00
[2025-05-09T21:34:15.413+0000] {processor.py:183} INFO - Processing /opt/airflow/dags/example_dag.py took 0.219 seconds
[2025-05-09T21:34:46.385+0000] {processor.py:161} INFO - Started process (PID=343) to work on /opt/airflow/dags/example_dag.py
[2025-05-09T21:34:46.386+0000] {processor.py:830} INFO - Processing file /opt/airflow/dags/example_dag.py for tasks to queue
[2025-05-09T21:34:46.389+0000] {logging_mixin.py:188} INFO - [2025-05-09T21:34:46.388+0000] {dagbag.py:540} INFO - Filling up the DagBag from /opt/airflow/dags/example_dag.py
[2025-05-09T21:34:46.433+0000] {processor.py:840} INFO - DAG(s) 'welcome_dag' retrieved from /opt/airflow/dags/example_dag.py
[2025-05-09T21:34:46.480+0000] {logging_mixin.py:188} INFO - [2025-05-09T21:34:46.480+0000] {dag.py:3096} INFO - Sync 1 DAGs
[2025-05-09T21:34:46.510+0000] {logging_mixin.py:188} INFO - [2025-05-09T21:34:46.510+0000] {dag.py:3954} INFO - Setting next_dagrun for welcome_dag to 2025-05-08 23:00:00+00:00, run_after=2025-05-09 23:00:00+00:00
[2025-05-09T21:34:46.534+0000] {processor.py:183} INFO - Processing /opt/airflow/dags/example_dag.py took 0.158 seconds
[2025-05-09T21:35:17.119+0000] {processor.py:161} INFO - Started process (PID=353) to work on /opt/airflow/dags/example_dag.py
[2025-05-09T21:35:17.121+0000] {processor.py:830} INFO - Processing file /opt/airflow/dags/example_dag.py for tasks to queue
[2025-05-09T21:35:17.123+0000] {logging_mixin.py:188} INFO - [2025-05-09T21:35:17.123+0000] {dagbag.py:540} INFO - Filling up the DagBag from /opt/airflow/dags/example_dag.py
[2025-05-09T21:35:17.160+0000] {processor.py:840} INFO - DAG(s) 'welcome_dag' retrieved from /opt/airflow/dags/example_dag.py
[2025-05-09T21:35:17.208+0000] {logging_mixin.py:188} INFO - [2025-05-09T21:35:17.208+0000] {dag.py:3096} INFO - Sync 1 DAGs
[2025-05-09T21:35:17.238+0000] {logging_mixin.py:188} INFO - [2025-05-09T21:35:17.238+0000] {dag.py:3954} INFO - Setting next_dagrun for welcome_dag to 2025-05-08 23:00:00+00:00, run_after=2025-05-09 23:00:00+00:00
[2025-05-09T21:35:17.279+0000] {processor.py:183} INFO - Processing /opt/airflow/dags/example_dag.py took 0.174 seconds
[2025-05-09T21:35:47.780+0000] {processor.py:161} INFO - Started process (PID=363) to work on /opt/airflow/dags/example_dag.py
[2025-05-09T21:35:47.782+0000] {processor.py:830} INFO - Processing file /opt/airflow/dags/example_dag.py for tasks to queue
[2025-05-09T21:35:47.791+0000] {logging_mixin.py:188} INFO - [2025-05-09T21:35:47.791+0000] {dagbag.py:540} INFO - Filling up the DagBag from /opt/airflow/dags/example_dag.py
[2025-05-09T21:35:47.837+0000] {processor.py:840} INFO - DAG(s) 'welcome_dag' retrieved from /opt/airflow/dags/example_dag.py
[2025-05-09T21:35:47.873+0000] {logging_mixin.py:188} INFO - [2025-05-09T21:35:47.872+0000] {dag.py:3096} INFO - Sync 1 DAGs
[2025-05-09T21:35:47.907+0000] {logging_mixin.py:188} INFO - [2025-05-09T21:35:47.907+0000] {dag.py:3954} INFO - Setting next_dagrun for welcome_dag to 2025-05-08 23:00:00+00:00, run_after=2025-05-09 23:00:00+00:00
[2025-05-09T21:35:47.933+0000] {processor.py:183} INFO - Processing /opt/airflow/dags/example_dag.py took 0.176 seconds
[2025-05-09T21:36:18.486+0000] {processor.py:161} INFO - Started process (PID=373) to work on /opt/airflow/dags/example_dag.py
[2025-05-09T21:36:18.488+0000] {processor.py:830} INFO - Processing file /opt/airflow/dags/example_dag.py for tasks to queue
[2025-05-09T21:36:18.490+0000] {logging_mixin.py:188} INFO - [2025-05-09T21:36:18.490+0000] {dagbag.py:540} INFO - Filling up the DagBag from /opt/airflow/dags/example_dag.py
[2025-05-09T21:36:18.536+0000] {processor.py:840} INFO - DAG(s) 'welcome_dag' retrieved from /opt/airflow/dags/example_dag.py
[2025-05-09T21:36:18.576+0000] {logging_mixin.py:188} INFO - [2025-05-09T21:36:18.576+0000] {dag.py:3096} INFO - Sync 1 DAGs
[2025-05-09T21:36:18.603+0000] {logging_mixin.py:188} INFO - [2025-05-09T21:36:18.603+0000] {dag.py:3954} INFO - Setting next_dagrun for welcome_dag to 2025-05-08 23:00:00+00:00, run_after=2025-05-09 23:00:00+00:00
[2025-05-09T21:36:18.629+0000] {processor.py:183} INFO - Processing /opt/airflow/dags/example_dag.py took 0.150 seconds
[2025-05-09T21:36:49.347+0000] {processor.py:161} INFO - Started process (PID=383) to work on /opt/airflow/dags/example_dag.py
[2025-05-09T21:36:49.351+0000] {processor.py:830} INFO - Processing file /opt/airflow/dags/example_dag.py for tasks to queue
[2025-05-09T21:36:49.356+0000] {logging_mixin.py:188} INFO - [2025-05-09T21:36:49.355+0000] {dagbag.py:540} INFO - Filling up the DagBag from /opt/airflow/dags/example_dag.py
[2025-05-09T21:36:49.400+0000] {processor.py:840} INFO - DAG(s) 'welcome_dag' retrieved from /opt/airflow/dags/example_dag.py
[2025-05-09T21:36:49.437+0000] {logging_mixin.py:188} INFO - [2025-05-09T21:36:49.436+0000] {dag.py:3096} INFO - Sync 1 DAGs
[2025-05-09T21:36:49.464+0000] {logging_mixin.py:188} INFO - [2025-05-09T21:36:49.464+0000] {dag.py:3954} INFO - Setting next_dagrun for welcome_dag to 2025-05-08 23:00:00+00:00, run_after=2025-05-09 23:00:00+00:00
[2025-05-09T21:36:49.486+0000] {processor.py:183} INFO - Processing /opt/airflow/dags/example_dag.py took 0.149 seconds
[2025-05-09T21:37:20.022+0000] {processor.py:161} INFO - Started process (PID=393) to work on /opt/airflow/dags/example_dag.py
[2025-05-09T21:37:20.024+0000] {processor.py:830} INFO - Processing file /opt/airflow/dags/example_dag.py for tasks to queue
[2025-05-09T21:37:20.029+0000] {logging_mixin.py:188} INFO - [2025-05-09T21:37:20.029+0000] {dagbag.py:540} INFO - Filling up the DagBag from /opt/airflow/dags/example_dag.py
[2025-05-09T21:37:20.071+0000] {processor.py:840} INFO - DAG(s) 'welcome_dag' retrieved from /opt/airflow/dags/example_dag.py
[2025-05-09T21:37:20.126+0000] {logging_mixin.py:188} INFO - [2025-05-09T21:37:20.125+0000] {dag.py:3096} INFO - Sync 1 DAGs
[2025-05-09T21:37:20.153+0000] {logging_mixin.py:188} INFO - [2025-05-09T21:37:20.153+0000] {dag.py:3954} INFO - Setting next_dagrun for welcome_dag to 2025-05-08 23:00:00+00:00, run_after=2025-05-09 23:00:00+00:00
[2025-05-09T21:37:20.197+0000] {processor.py:183} INFO - Processing /opt/airflow/dags/example_dag.py took 0.185 seconds
[2025-05-09T21:37:50.676+0000] {processor.py:161} INFO - Started process (PID=403) to work on /opt/airflow/dags/example_dag.py
[2025-05-09T21:37:50.678+0000] {processor.py:830} INFO - Processing file /opt/airflow/dags/example_dag.py for tasks to queue
[2025-05-09T21:37:50.681+0000] {logging_mixin.py:188} INFO - [2025-05-09T21:37:50.680+0000] {dagbag.py:540} INFO - Filling up the DagBag from /opt/airflow/dags/example_dag.py
[2025-05-09T21:37:50.722+0000] {processor.py:840} INFO - DAG(s) 'welcome_dag' retrieved from /opt/airflow/dags/example_dag.py
[2025-05-09T21:37:50.771+0000] {logging_mixin.py:188} INFO - [2025-05-09T21:37:50.770+0000] {dag.py:3096} INFO - Sync 1 DAGs
[2025-05-09T21:37:50.824+0000] {logging_mixin.py:188} INFO - [2025-05-09T21:37:50.824+0000] {dag.py:3954} INFO - Setting next_dagrun for welcome_dag to 2025-05-08 23:00:00+00:00, run_after=2025-05-09 23:00:00+00:00
[2025-05-09T21:37:50.882+0000] {processor.py:183} INFO - Processing /opt/airflow/dags/example_dag.py took 0.217 seconds
[2025-05-09T21:38:21.443+0000] {processor.py:161} INFO - Started process (PID=413) to work on /opt/airflow/dags/example_dag.py
[2025-05-09T21:38:21.445+0000] {processor.py:830} INFO - Processing file /opt/airflow/dags/example_dag.py for tasks to queue
[2025-05-09T21:38:21.449+0000] {logging_mixin.py:188} INFO - [2025-05-09T21:38:21.448+0000] {dagbag.py:540} INFO - Filling up the DagBag from /opt/airflow/dags/example_dag.py
[2025-05-09T21:38:21.515+0000] {processor.py:840} INFO - DAG(s) 'welcome_dag' retrieved from /opt/airflow/dags/example_dag.py
[2025-05-09T21:38:21.625+0000] {logging_mixin.py:188} INFO - [2025-05-09T21:38:21.624+0000] {dag.py:3096} INFO - Sync 1 DAGs
[2025-05-09T21:38:21.680+0000] {logging_mixin.py:188} INFO - [2025-05-09T21:38:21.679+0000] {dag.py:3954} INFO - Setting next_dagrun for welcome_dag to 2025-05-08 23:00:00+00:00, run_after=2025-05-09 23:00:00+00:00
[2025-05-09T21:38:21.711+0000] {processor.py:183} INFO - Processing /opt/airflow/dags/example_dag.py took 0.281 seconds
[2025-05-09T21:38:52.269+0000] {processor.py:161} INFO - Started process (PID=423) to work on /opt/airflow/dags/example_dag.py
[2025-05-09T21:38:52.270+0000] {processor.py:830} INFO - Processing file /opt/airflow/dags/example_dag.py for tasks to queue
[2025-05-09T21:38:52.273+0000] {logging_mixin.py:188} INFO - [2025-05-09T21:38:52.272+0000] {dagbag.py:540} INFO - Filling up the DagBag from /opt/airflow/dags/example_dag.py
[2025-05-09T21:38:52.321+0000] {processor.py:840} INFO - DAG(s) 'welcome_dag' retrieved from /opt/airflow/dags/example_dag.py
[2025-05-09T21:38:52.384+0000] {logging_mixin.py:188} INFO - [2025-05-09T21:38:52.383+0000] {dag.py:3096} INFO - Sync 1 DAGs
[2025-05-09T21:38:52.438+0000] {logging_mixin.py:188} INFO - [2025-05-09T21:38:52.438+0000] {dag.py:3954} INFO - Setting next_dagrun for welcome_dag to 2025-05-08 23:00:00+00:00, run_after=2025-05-09 23:00:00+00:00
[2025-05-09T21:38:52.480+0000] {processor.py:183} INFO - Processing /opt/airflow/dags/example_dag.py took 0.221 seconds
[2025-05-09T21:39:22.954+0000] {processor.py:161} INFO - Started process (PID=433) to work on /opt/airflow/dags/example_dag.py
[2025-05-09T21:39:22.955+0000] {processor.py:830} INFO - Processing file /opt/airflow/dags/example_dag.py for tasks to queue
[2025-05-09T21:39:22.959+0000] {logging_mixin.py:188} INFO - [2025-05-09T21:39:22.958+0000] {dagbag.py:540} INFO - Filling up the DagBag from /opt/airflow/dags/example_dag.py
[2025-05-09T21:39:23.021+0000] {processor.py:840} INFO - DAG(s) 'welcome_dag' retrieved from /opt/airflow/dags/example_dag.py
[2025-05-09T21:39:23.078+0000] {logging_mixin.py:188} INFO - [2025-05-09T21:39:23.077+0000] {dag.py:3096} INFO - Sync 1 DAGs
[2025-05-09T21:39:23.110+0000] {logging_mixin.py:188} INFO - [2025-05-09T21:39:23.109+0000] {dag.py:3954} INFO - Setting next_dagrun for welcome_dag to 2025-05-08 23:00:00+00:00, run_after=2025-05-09 23:00:00+00:00
[2025-05-09T21:39:23.138+0000] {processor.py:183} INFO - Processing /opt/airflow/dags/example_dag.py took 0.194 seconds
[2025-05-09T21:40:14.413+0000] {processor.py:161} INFO - Started process (PID=35) to work on /opt/airflow/dags/example_dag.py
[2025-05-09T21:40:14.414+0000] {processor.py:830} INFO - Processing file /opt/airflow/dags/example_dag.py for tasks to queue
[2025-05-09T21:40:14.417+0000] {logging_mixin.py:188} INFO - [2025-05-09T21:40:14.417+0000] {dagbag.py:540} INFO - Filling up the DagBag from /opt/airflow/dags/example_dag.py
[2025-05-09T21:40:14.469+0000] {processor.py:840} INFO - DAG(s) 'welcome_dag' retrieved from /opt/airflow/dags/example_dag.py
[2025-05-09T21:40:14.706+0000] {logging_mixin.py:188} INFO - [2025-05-09T21:40:14.705+0000] {override.py:1901} INFO - Created Permission View: can edit on DAG:welcome_dag
[2025-05-09T21:40:14.721+0000] {logging_mixin.py:188} INFO - [2025-05-09T21:40:14.721+0000] {override.py:1901} INFO - Created Permission View: can delete on DAG:welcome_dag
[2025-05-09T21:40:14.732+0000] {logging_mixin.py:188} INFO - [2025-05-09T21:40:14.732+0000] {override.py:1901} INFO - Created Permission View: can read on DAG:welcome_dag
[2025-05-09T21:40:14.734+0000] {logging_mixin.py:188} INFO - [2025-05-09T21:40:14.733+0000] {dag.py:3096} INFO - Sync 1 DAGs
[2025-05-09T21:40:14.747+0000] {logging_mixin.py:188} INFO - [2025-05-09T21:40:14.747+0000] {dag.py:3118} INFO - Creating ORM DAG for welcome_dag
[2025-05-09T21:40:14.764+0000] {logging_mixin.py:188} INFO - [2025-05-09T21:40:14.764+0000] {dag.py:3954} INFO - Setting next_dagrun for welcome_dag to 2025-05-08 23:00:00+00:00, run_after=2025-05-09 23:00:00+00:00
[2025-05-09T21:40:14.800+0000] {processor.py:183} INFO - Processing /opt/airflow/dags/example_dag.py took 0.394 seconds
[2025-05-09T21:40:45.101+0000] {processor.py:161} INFO - Started process (PID=45) to work on /opt/airflow/dags/example_dag.py
[2025-05-09T21:40:45.103+0000] {processor.py:830} INFO - Processing file /opt/airflow/dags/example_dag.py for tasks to queue
[2025-05-09T21:40:45.105+0000] {logging_mixin.py:188} INFO - [2025-05-09T21:40:45.105+0000] {dagbag.py:540} INFO - Filling up the DagBag from /opt/airflow/dags/example_dag.py
[2025-05-09T21:40:45.171+0000] {processor.py:840} INFO - DAG(s) 'welcome_dag' retrieved from /opt/airflow/dags/example_dag.py
[2025-05-09T21:40:45.217+0000] {logging_mixin.py:188} INFO - [2025-05-09T21:40:45.217+0000] {dag.py:3096} INFO - Sync 1 DAGs
[2025-05-09T21:40:45.262+0000] {logging_mixin.py:188} INFO - [2025-05-09T21:40:45.261+0000] {dag.py:3954} INFO - Setting next_dagrun for welcome_dag to 2025-05-08 23:00:00+00:00, run_after=2025-05-09 23:00:00+00:00
[2025-05-09T21:40:45.301+0000] {processor.py:183} INFO - Processing /opt/airflow/dags/example_dag.py took 0.207 seconds
[2025-05-09T21:41:16.002+0000] {processor.py:161} INFO - Started process (PID=55) to work on /opt/airflow/dags/example_dag.py
[2025-05-09T21:41:16.004+0000] {processor.py:830} INFO - Processing file /opt/airflow/dags/example_dag.py for tasks to queue
[2025-05-09T21:41:16.007+0000] {logging_mixin.py:188} INFO - [2025-05-09T21:41:16.006+0000] {dagbag.py:540} INFO - Filling up the DagBag from /opt/airflow/dags/example_dag.py
[2025-05-09T21:41:16.065+0000] {processor.py:840} INFO - DAG(s) 'welcome_dag' retrieved from /opt/airflow/dags/example_dag.py
[2025-05-09T21:41:16.100+0000] {logging_mixin.py:188} INFO - [2025-05-09T21:41:16.099+0000] {dag.py:3096} INFO - Sync 1 DAGs
[2025-05-09T21:41:16.129+0000] {logging_mixin.py:188} INFO - [2025-05-09T21:41:16.129+0000] {dag.py:3954} INFO - Setting next_dagrun for welcome_dag to 2025-05-08 23:00:00+00:00, run_after=2025-05-09 23:00:00+00:00
[2025-05-09T21:41:16.164+0000] {processor.py:183} INFO - Processing /opt/airflow/dags/example_dag.py took 0.169 seconds
[2025-05-09T21:41:46.662+0000] {processor.py:161} INFO - Started process (PID=65) to work on /opt/airflow/dags/example_dag.py
[2025-05-09T21:41:46.664+0000] {processor.py:830} INFO - Processing file /opt/airflow/dags/example_dag.py for tasks to queue
[2025-05-09T21:41:46.666+0000] {logging_mixin.py:188} INFO - [2025-05-09T21:41:46.666+0000] {dagbag.py:540} INFO - Filling up the DagBag from /opt/airflow/dags/example_dag.py
[2025-05-09T21:41:46.703+0000] {processor.py:840} INFO - DAG(s) 'welcome_dag' retrieved from /opt/airflow/dags/example_dag.py
[2025-05-09T21:41:46.743+0000] {logging_mixin.py:188} INFO - [2025-05-09T21:41:46.743+0000] {dag.py:3096} INFO - Sync 1 DAGs
[2025-05-09T21:41:46.774+0000] {logging_mixin.py:188} INFO - [2025-05-09T21:41:46.773+0000] {dag.py:3954} INFO - Setting next_dagrun for welcome_dag to 2025-05-08 23:00:00+00:00, run_after=2025-05-09 23:00:00+00:00
[2025-05-09T21:41:46.805+0000] {processor.py:183} INFO - Processing /opt/airflow/dags/example_dag.py took 0.151 seconds
[2025-05-09T21:42:17.376+0000] {processor.py:161} INFO - Started process (PID=75) to work on /opt/airflow/dags/example_dag.py
[2025-05-09T21:42:17.378+0000] {processor.py:830} INFO - Processing file /opt/airflow/dags/example_dag.py for tasks to queue
[2025-05-09T21:42:17.381+0000] {logging_mixin.py:188} INFO - [2025-05-09T21:42:17.381+0000] {dagbag.py:540} INFO - Filling up the DagBag from /opt/airflow/dags/example_dag.py
[2025-05-09T21:42:17.421+0000] {processor.py:840} INFO - DAG(s) 'welcome_dag' retrieved from /opt/airflow/dags/example_dag.py
[2025-05-09T21:42:17.461+0000] {logging_mixin.py:188} INFO - [2025-05-09T21:42:17.461+0000] {dag.py:3096} INFO - Sync 1 DAGs
[2025-05-09T21:42:17.504+0000] {logging_mixin.py:188} INFO - [2025-05-09T21:42:17.504+0000] {dag.py:3954} INFO - Setting next_dagrun for welcome_dag to 2025-05-08 23:00:00+00:00, run_after=2025-05-09 23:00:00+00:00
[2025-05-09T21:42:17.533+0000] {processor.py:183} INFO - Processing /opt/airflow/dags/example_dag.py took 0.164 seconds
[2025-05-09T21:42:48.122+0000] {processor.py:161} INFO - Started process (PID=85) to work on /opt/airflow/dags/example_dag.py
[2025-05-09T21:42:48.124+0000] {processor.py:830} INFO - Processing file /opt/airflow/dags/example_dag.py for tasks to queue
[2025-05-09T21:42:48.126+0000] {logging_mixin.py:188} INFO - [2025-05-09T21:42:48.126+0000] {dagbag.py:540} INFO - Filling up the DagBag from /opt/airflow/dags/example_dag.py
[2025-05-09T21:42:48.162+0000] {processor.py:840} INFO - DAG(s) 'welcome_dag' retrieved from /opt/airflow/dags/example_dag.py
[2025-05-09T21:42:48.191+0000] {logging_mixin.py:188} INFO - [2025-05-09T21:42:48.190+0000] {dag.py:3096} INFO - Sync 1 DAGs
[2025-05-09T21:42:48.224+0000] {logging_mixin.py:188} INFO - [2025-05-09T21:42:48.223+0000] {dag.py:3954} INFO - Setting next_dagrun for welcome_dag to 2025-05-08 23:00:00+00:00, run_after=2025-05-09 23:00:00+00:00
[2025-05-09T21:42:48.263+0000] {processor.py:183} INFO - Processing /opt/airflow/dags/example_dag.py took 0.148 seconds
[2025-05-09T22:22:42.957+0000] {processor.py:161} INFO - Started process (PID=97) to work on /opt/airflow/dags/example_dag.py
[2025-05-09T22:22:42.962+0000] {processor.py:830} INFO - Processing file /opt/airflow/dags/example_dag.py for tasks to queue
[2025-05-09T22:22:42.973+0000] {logging_mixin.py:188} INFO - [2025-05-09T22:22:42.967+0000] {dagbag.py:540} INFO - Filling up the DagBag from /opt/airflow/dags/example_dag.py
[2025-05-09T22:22:43.165+0000] {processor.py:840} INFO - DAG(s) 'welcome_dag' retrieved from /opt/airflow/dags/example_dag.py
[2025-05-09T22:22:43.216+0000] {logging_mixin.py:188} INFO - [2025-05-09T22:22:43.216+0000] {dag.py:3096} INFO - Sync 1 DAGs
[2025-05-09T22:22:43.292+0000] {logging_mixin.py:188} INFO - [2025-05-09T22:22:43.292+0000] {dag.py:3954} INFO - Setting next_dagrun for welcome_dag to 2025-05-08 23:00:00+00:00, run_after=2025-05-09 23:00:00+00:00
[2025-05-09T22:22:43.360+0000] {processor.py:183} INFO - Processing /opt/airflow/dags/example_dag.py took 0.423 seconds
[2025-05-09T22:23:13.698+0000] {processor.py:161} INFO - Started process (PID=108) to work on /opt/airflow/dags/example_dag.py
[2025-05-09T22:23:13.701+0000] {processor.py:830} INFO - Processing file /opt/airflow/dags/example_dag.py for tasks to queue
[2025-05-09T22:23:13.705+0000] {logging_mixin.py:188} INFO - [2025-05-09T22:23:13.704+0000] {dagbag.py:540} INFO - Filling up the DagBag from /opt/airflow/dags/example_dag.py
[2025-05-09T22:23:13.747+0000] {processor.py:840} INFO - DAG(s) 'welcome_dag' retrieved from /opt/airflow/dags/example_dag.py
[2025-05-09T22:23:13.800+0000] {logging_mixin.py:188} INFO - [2025-05-09T22:23:13.799+0000] {dag.py:3096} INFO - Sync 1 DAGs
[2025-05-09T22:23:13.844+0000] {logging_mixin.py:188} INFO - [2025-05-09T22:23:13.844+0000] {dag.py:3954} INFO - Setting next_dagrun for welcome_dag to 2025-05-08 23:00:00+00:00, run_after=2025-05-09 23:00:00+00:00
[2025-05-09T22:23:13.881+0000] {processor.py:183} INFO - Processing /opt/airflow/dags/example_dag.py took 0.194 seconds
[2025-05-09T22:23:44.655+0000] {processor.py:161} INFO - Started process (PID=117) to work on /opt/airflow/dags/example_dag.py
[2025-05-09T22:23:44.658+0000] {processor.py:830} INFO - Processing file /opt/airflow/dags/example_dag.py for tasks to queue
[2025-05-09T22:23:44.663+0000] {logging_mixin.py:188} INFO - [2025-05-09T22:23:44.662+0000] {dagbag.py:540} INFO - Filling up the DagBag from /opt/airflow/dags/example_dag.py
[2025-05-09T22:23:44.714+0000] {processor.py:840} INFO - DAG(s) 'welcome_dag' retrieved from /opt/airflow/dags/example_dag.py
[2025-05-09T22:23:44.757+0000] {logging_mixin.py:188} INFO - [2025-05-09T22:23:44.756+0000] {dag.py:3096} INFO - Sync 1 DAGs
[2025-05-09T22:23:44.804+0000] {logging_mixin.py:188} INFO - [2025-05-09T22:23:44.803+0000] {dag.py:3954} INFO - Setting next_dagrun for welcome_dag to 2025-05-08 23:00:00+00:00, run_after=2025-05-09 23:00:00+00:00
[2025-05-09T22:23:44.847+0000] {processor.py:183} INFO - Processing /opt/airflow/dags/example_dag.py took 0.201 seconds
[2025-05-09T22:24:15.424+0000] {processor.py:161} INFO - Started process (PID=126) to work on /opt/airflow/dags/example_dag.py
[2025-05-09T22:24:15.425+0000] {processor.py:830} INFO - Processing file /opt/airflow/dags/example_dag.py for tasks to queue
[2025-05-09T22:24:15.429+0000] {logging_mixin.py:188} INFO - [2025-05-09T22:24:15.428+0000] {dagbag.py:540} INFO - Filling up the DagBag from /opt/airflow/dags/example_dag.py
[2025-05-09T22:24:15.467+0000] {processor.py:840} INFO - DAG(s) 'welcome_dag' retrieved from /opt/airflow/dags/example_dag.py
[2025-05-09T22:24:15.508+0000] {logging_mixin.py:188} INFO - [2025-05-09T22:24:15.507+0000] {dag.py:3096} INFO - Sync 1 DAGs
[2025-05-09T22:24:15.547+0000] {logging_mixin.py:188} INFO - [2025-05-09T22:24:15.546+0000] {dag.py:3954} INFO - Setting next_dagrun for welcome_dag to 2025-05-08 23:00:00+00:00, run_after=2025-05-09 23:00:00+00:00
[2025-05-09T22:24:15.582+0000] {processor.py:183} INFO - Processing /opt/airflow/dags/example_dag.py took 0.169 seconds
[2025-05-09T22:24:46.390+0000] {processor.py:161} INFO - Started process (PID=136) to work on /opt/airflow/dags/example_dag.py
[2025-05-09T22:24:46.393+0000] {processor.py:830} INFO - Processing file /opt/airflow/dags/example_dag.py for tasks to queue
[2025-05-09T22:24:46.397+0000] {logging_mixin.py:188} INFO - [2025-05-09T22:24:46.396+0000] {dagbag.py:540} INFO - Filling up the DagBag from /opt/airflow/dags/example_dag.py
[2025-05-09T22:24:46.440+0000] {processor.py:840} INFO - DAG(s) 'welcome_dag' retrieved from /opt/airflow/dags/example_dag.py
[2025-05-09T22:24:46.474+0000] {logging_mixin.py:188} INFO - [2025-05-09T22:24:46.474+0000] {dag.py:3096} INFO - Sync 1 DAGs
[2025-05-09T22:24:46.516+0000] {logging_mixin.py:188} INFO - [2025-05-09T22:24:46.515+0000] {dag.py:3954} INFO - Setting next_dagrun for welcome_dag to 2025-05-08 23:00:00+00:00, run_after=2025-05-09 23:00:00+00:00
[2025-05-09T22:24:46.540+0000] {processor.py:183} INFO - Processing /opt/airflow/dags/example_dag.py took 0.161 seconds
[2025-05-09T22:25:17.168+0000] {processor.py:161} INFO - Started process (PID=146) to work on /opt/airflow/dags/example_dag.py
[2025-05-09T22:25:17.170+0000] {processor.py:830} INFO - Processing file /opt/airflow/dags/example_dag.py for tasks to queue
[2025-05-09T22:25:17.172+0000] {logging_mixin.py:188} INFO - [2025-05-09T22:25:17.172+0000] {dagbag.py:540} INFO - Filling up the DagBag from /opt/airflow/dags/example_dag.py
[2025-05-09T22:25:17.217+0000] {processor.py:840} INFO - DAG(s) 'welcome_dag' retrieved from /opt/airflow/dags/example_dag.py
[2025-05-09T22:25:17.251+0000] {logging_mixin.py:188} INFO - [2025-05-09T22:25:17.251+0000] {dag.py:3096} INFO - Sync 1 DAGs
[2025-05-09T22:25:17.282+0000] {logging_mixin.py:188} INFO - [2025-05-09T22:25:17.281+0000] {dag.py:3954} INFO - Setting next_dagrun for welcome_dag to 2025-05-08 23:00:00+00:00, run_after=2025-05-09 23:00:00+00:00
[2025-05-09T22:25:17.310+0000] {processor.py:183} INFO - Processing /opt/airflow/dags/example_dag.py took 0.150 seconds
[2025-05-09T22:25:47.791+0000] {processor.py:161} INFO - Started process (PID=156) to work on /opt/airflow/dags/example_dag.py
[2025-05-09T22:25:47.793+0000] {processor.py:830} INFO - Processing file /opt/airflow/dags/example_dag.py for tasks to queue
[2025-05-09T22:25:47.796+0000] {logging_mixin.py:188} INFO - [2025-05-09T22:25:47.796+0000] {dagbag.py:540} INFO - Filling up the DagBag from /opt/airflow/dags/example_dag.py
[2025-05-09T22:25:47.847+0000] {processor.py:840} INFO - DAG(s) 'welcome_dag' retrieved from /opt/airflow/dags/example_dag.py
[2025-05-09T22:25:47.912+0000] {logging_mixin.py:188} INFO - [2025-05-09T22:25:47.912+0000] {dag.py:3096} INFO - Sync 1 DAGs
[2025-05-09T22:25:47.960+0000] {logging_mixin.py:188} INFO - [2025-05-09T22:25:47.959+0000] {dag.py:3954} INFO - Setting next_dagrun for welcome_dag to 2025-05-08 23:00:00+00:00, run_after=2025-05-09 23:00:00+00:00
[2025-05-09T22:25:48.001+0000] {processor.py:183} INFO - Processing /opt/airflow/dags/example_dag.py took 0.223 seconds
[2025-05-09T22:26:18.665+0000] {processor.py:161} INFO - Started process (PID=166) to work on /opt/airflow/dags/example_dag.py
[2025-05-09T22:26:18.669+0000] {processor.py:830} INFO - Processing file /opt/airflow/dags/example_dag.py for tasks to queue
[2025-05-09T22:26:18.672+0000] {logging_mixin.py:188} INFO - [2025-05-09T22:26:18.672+0000] {dagbag.py:540} INFO - Filling up the DagBag from /opt/airflow/dags/example_dag.py
[2025-05-09T22:26:18.736+0000] {processor.py:840} INFO - DAG(s) 'welcome_dag' retrieved from /opt/airflow/dags/example_dag.py
[2025-05-09T22:26:18.778+0000] {logging_mixin.py:188} INFO - [2025-05-09T22:26:18.778+0000] {dag.py:3096} INFO - Sync 1 DAGs
[2025-05-09T22:26:18.822+0000] {logging_mixin.py:188} INFO - [2025-05-09T22:26:18.822+0000] {dag.py:3954} INFO - Setting next_dagrun for welcome_dag to 2025-05-08 23:00:00+00:00, run_after=2025-05-09 23:00:00+00:00
[2025-05-09T22:26:18.860+0000] {processor.py:183} INFO - Processing /opt/airflow/dags/example_dag.py took 0.210 seconds
[2025-05-09T22:26:49.466+0000] {processor.py:161} INFO - Started process (PID=175) to work on /opt/airflow/dags/example_dag.py
[2025-05-09T22:26:49.467+0000] {processor.py:830} INFO - Processing file /opt/airflow/dags/example_dag.py for tasks to queue
[2025-05-09T22:26:49.472+0000] {logging_mixin.py:188} INFO - [2025-05-09T22:26:49.471+0000] {dagbag.py:540} INFO - Filling up the DagBag from /opt/airflow/dags/example_dag.py
[2025-05-09T22:26:49.526+0000] {processor.py:840} INFO - DAG(s) 'welcome_dag' retrieved from /opt/airflow/dags/example_dag.py
[2025-05-09T22:26:49.564+0000] {logging_mixin.py:188} INFO - [2025-05-09T22:26:49.564+0000] {dag.py:3096} INFO - Sync 1 DAGs
[2025-05-09T22:26:49.599+0000] {logging_mixin.py:188} INFO - [2025-05-09T22:26:49.599+0000] {dag.py:3954} INFO - Setting next_dagrun for welcome_dag to 2025-05-08 23:00:00+00:00, run_after=2025-05-09 23:00:00+00:00
[2025-05-09T22:26:49.628+0000] {processor.py:183} INFO - Processing /opt/airflow/dags/example_dag.py took 0.175 seconds
[2025-05-09T22:27:20.384+0000] {processor.py:161} INFO - Started process (PID=185) to work on /opt/airflow/dags/example_dag.py
[2025-05-09T22:27:20.385+0000] {processor.py:830} INFO - Processing file /opt/airflow/dags/example_dag.py for tasks to queue
[2025-05-09T22:27:20.389+0000] {logging_mixin.py:188} INFO - [2025-05-09T22:27:20.388+0000] {dagbag.py:540} INFO - Filling up the DagBag from /opt/airflow/dags/example_dag.py
[2025-05-09T22:27:20.423+0000] {processor.py:840} INFO - DAG(s) 'welcome_dag' retrieved from /opt/airflow/dags/example_dag.py
[2025-05-09T22:27:20.453+0000] {logging_mixin.py:188} INFO - [2025-05-09T22:27:20.453+0000] {dag.py:3096} INFO - Sync 1 DAGs
[2025-05-09T22:27:20.482+0000] {logging_mixin.py:188} INFO - [2025-05-09T22:27:20.482+0000] {dag.py:3954} INFO - Setting next_dagrun for welcome_dag to 2025-05-08 23:00:00+00:00, run_after=2025-05-09 23:00:00+00:00
[2025-05-09T22:27:20.508+0000] {processor.py:183} INFO - Processing /opt/airflow/dags/example_dag.py took 0.134 seconds
[2025-05-09T22:27:51.440+0000] {processor.py:161} INFO - Started process (PID=196) to work on /opt/airflow/dags/example_dag.py
[2025-05-09T22:27:51.443+0000] {processor.py:830} INFO - Processing file /opt/airflow/dags/example_dag.py for tasks to queue
[2025-05-09T22:27:51.445+0000] {logging_mixin.py:188} INFO - [2025-05-09T22:27:51.445+0000] {dagbag.py:540} INFO - Filling up the DagBag from /opt/airflow/dags/example_dag.py
[2025-05-09T22:27:51.497+0000] {processor.py:840} INFO - DAG(s) 'welcome_dag' retrieved from /opt/airflow/dags/example_dag.py
[2025-05-09T22:27:51.530+0000] {logging_mixin.py:188} INFO - [2025-05-09T22:27:51.529+0000] {dag.py:3096} INFO - Sync 1 DAGs
[2025-05-09T22:27:51.559+0000] {logging_mixin.py:188} INFO - [2025-05-09T22:27:51.559+0000] {dag.py:3954} INFO - Setting next_dagrun for welcome_dag to 2025-05-08 23:00:00+00:00, run_after=2025-05-09 23:00:00+00:00
[2025-05-09T22:27:51.586+0000] {processor.py:183} INFO - Processing /opt/airflow/dags/example_dag.py took 0.155 seconds
[2025-05-09T22:28:22.317+0000] {processor.py:161} INFO - Started process (PID=206) to work on /opt/airflow/dags/example_dag.py
[2025-05-09T22:28:22.318+0000] {processor.py:830} INFO - Processing file /opt/airflow/dags/example_dag.py for tasks to queue
[2025-05-09T22:28:22.321+0000] {logging_mixin.py:188} INFO - [2025-05-09T22:28:22.321+0000] {dagbag.py:540} INFO - Filling up the DagBag from /opt/airflow/dags/example_dag.py
[2025-05-09T22:28:22.373+0000] {processor.py:840} INFO - DAG(s) 'welcome_dag' retrieved from /opt/airflow/dags/example_dag.py
[2025-05-09T22:28:22.428+0000] {logging_mixin.py:188} INFO - [2025-05-09T22:28:22.428+0000] {dag.py:3096} INFO - Sync 1 DAGs
[2025-05-09T22:28:22.463+0000] {logging_mixin.py:188} INFO - [2025-05-09T22:28:22.463+0000] {dag.py:3954} INFO - Setting next_dagrun for welcome_dag to 2025-05-08 23:00:00+00:00, run_after=2025-05-09 23:00:00+00:00
[2025-05-09T22:28:22.494+0000] {processor.py:183} INFO - Processing /opt/airflow/dags/example_dag.py took 0.186 seconds
